Started GET "/" for ::1 at 2018-07-27 11:17:02 +0200
  
ActiveRecord::PendingMigrationError (

Migrations are pending. To resolve this issue, run:

        bin/rails db:migrate RAILS_ENV=development

):
  
activerecord (5.1.4) lib/active_record/migration.rb:576:in `check_pending!'
activerecord (5.1.4) lib/active_record/migration.rb:553:in `call'
actionpack (5.1.4) lib/action_dispatch/middleware/callbacks.rb:26:in `block in call'
activesupport (5.1.4) lib/active_support/callbacks.rb:97:in `run_callbacks'
actionpack (5.1.4) lib/action_dispatch/middleware/callbacks.rb:24:in `call'
actionpack (5.1.4) lib/action_dispatch/middleware/executor.rb:12:in `call'
actionpack (5.1.4) lib/action_dispatch/middleware/debug_exceptions.rb:59:in `call'
actionpack (5.1.4) lib/action_dispatch/middleware/show_exceptions.rb:31:in `call'
railties (5.1.4) lib/rails/rack/logger.rb:36:in `call_app'
railties (5.1.4) lib/rails/rack/logger.rb:24:in `block in call'
activesupport (5.1.4) lib/active_support/tagged_logging.rb:69:in `block in tagged'
activesupport (5.1.4) lib/active_support/tagged_logging.rb:26:in `tagged'
activesupport (5.1.4) lib/active_support/tagged_logging.rb:69:in `tagged'
railties (5.1.4) lib/rails/rack/logger.rb:24:in `call'
actionpack (5.1.4) lib/action_dispatch/middleware/remote_ip.rb:79:in `call'
actionpack (5.1.4) lib/action_dispatch/middleware/request_id.rb:25:in `call'
rack (2.0.3) lib/rack/runtime.rb:22:in `call'
activesupport (5.1.4) lib/active_support/cache/strategy/local_cache_middleware.rb:27:in `call'
actionpack (5.1.4) lib/action_dispatch/middleware/executor.rb:12:in `call'
actionpack (5.1.4) lib/action_dispatch/middleware/static.rb:125:in `call'
rack (2.0.3) lib/rack/sendfile.rb:111:in `call'
rack-cors (1.0.2) lib/rack/cors.rb:97:in `call'
railties (5.1.4) lib/rails/engine.rb:522:in `call'
puma (3.10.0) lib/puma/configuration.rb:225:in `call'
puma (3.10.0) lib/puma/server.rb:605:in `handle_request'
puma (3.10.0) lib/puma/server.rb:437:in `process_client'
puma (3.10.0) lib/puma/server.rb:301:in `block in run'
puma (3.10.0) lib/puma/thread_pool.rb:120:in `block in spawn_thread'
Started GET "/favicon.ico" for ::1 at 2018-07-27 11:17:03 +0200
  
ActiveRecord::PendingMigrationError (

Migrations are pending. To resolve this issue, run:

        bin/rails db:migrate RAILS_ENV=development

):
  
activerecord (5.1.4) lib/active_record/migration.rb:576:in `check_pending!'
activerecord (5.1.4) lib/active_record/migration.rb:553:in `call'
actionpack (5.1.4) lib/action_dispatch/middleware/callbacks.rb:26:in `block in call'
activesupport (5.1.4) lib/active_support/callbacks.rb:97:in `run_callbacks'
actionpack (5.1.4) lib/action_dispatch/middleware/callbacks.rb:24:in `call'
actionpack (5.1.4) lib/action_dispatch/middleware/executor.rb:12:in `call'
actionpack (5.1.4) lib/action_dispatch/middleware/debug_exceptions.rb:59:in `call'
actionpack (5.1.4) lib/action_dispatch/middleware/show_exceptions.rb:31:in `call'
railties (5.1.4) lib/rails/rack/logger.rb:36:in `call_app'
railties (5.1.4) lib/rails/rack/logger.rb:24:in `block in call'
activesupport (5.1.4) lib/active_support/tagged_logging.rb:69:in `block in tagged'
activesupport (5.1.4) lib/active_support/tagged_logging.rb:26:in `tagged'
activesupport (5.1.4) lib/active_support/tagged_logging.rb:69:in `tagged'
railties (5.1.4) lib/rails/rack/logger.rb:24:in `call'
actionpack (5.1.4) lib/action_dispatch/middleware/remote_ip.rb:79:in `call'
actionpack (5.1.4) lib/action_dispatch/middleware/request_id.rb:25:in `call'
rack (2.0.3) lib/rack/runtime.rb:22:in `call'
activesupport (5.1.4) lib/active_support/cache/strategy/local_cache_middleware.rb:27:in `call'
actionpack (5.1.4) lib/action_dispatch/middleware/executor.rb:12:in `call'
actionpack (5.1.4) lib/action_dispatch/middleware/static.rb:125:in `call'
rack (2.0.3) lib/rack/sendfile.rb:111:in `call'
rack-cors (1.0.2) lib/rack/cors.rb:97:in `call'
railties (5.1.4) lib/rails/engine.rb:522:in `call'
puma (3.10.0) lib/puma/configuration.rb:225:in `call'
puma (3.10.0) lib/puma/server.rb:605:in `handle_request'
puma (3.10.0) lib/puma/server.rb:437:in `process_client'
puma (3.10.0) lib/puma/server.rb:301:in `block in run'
puma (3.10.0) lib/puma/thread_pool.rb:120:in `block in spawn_thread'
  [1m[35m (0.1ms)[0m  [1m[34mSELECT sqlite_version(*)[0m
  [1m[35m (13.7ms)[0m  [1m[35mCREATE TABLE "schema_migrations" ("version" varchar NOT NULL PRIMARY KEY)[0m
  [1m[35m (11.8ms)[0m  [1m[35mCREATE TABLE "ar_internal_metadata" ("key" varchar NOT NULL PRIMARY KEY, "value" varchar, "created_at" datetime NOT NULL, "updated_at" datetime NOT NULL)[0m
  [1m[35m (0.1ms)[0m  [1m[34mSELECT "schema_migrations"."version" FROM "schema_migrations" ORDER BY "schema_migrations"."version" ASC[0m
Migrating to CreateUsers (20171005072557)
  [1m[35m (0.0ms)[0m  [1m[36mbegin transaction[0m
  [1m[35m (0.2ms)[0m  [1m[35mCREATE TABLE "users" ("id" INTEGER PRIMARY KEY AUTOINCREMENT NOT NULL, "created_at" datetime NOT NULL, "updated_at" datetime NOT NULL)[0m
  [1m[35mSQL (0.1ms)[0m  [1m[32mINSERT INTO "schema_migrations" ("version") VALUES (?)[0m  [["version", "20171005072557"]]
  [1m[35m (20.5ms)[0m  [1m[36mcommit transaction[0m
Migrating to CreateQueries (20171005072632)
  [1m[35m (0.1ms)[0m  [1m[36mbegin transaction[0m
  [1m[35m (0.5ms)[0m  [1m[35mCREATE TABLE "queries" ("id" INTEGER PRIMARY KEY AUTOINCREMENT NOT NULL, "name" varchar, "user_id" integer, "text_of_query" text, "created_at" datetime NOT NULL, "updated_at" datetime NOT NULL)[0m
  [1m[35m (0.2ms)[0m  [1m[35mCREATE  INDEX "index_queries_on_user_id" ON "queries" ("user_id")[0m
  [1m[35mSQL (0.2ms)[0m  [1m[32mINSERT INTO "schema_migrations" ("version") VALUES (?)[0m  [["version", "20171005072632"]]
  [1m[35m (12.3ms)[0m  [1m[36mcommit transaction[0m
Migrating to CreateCategories (20171005073435)
  [1m[35m (0.1ms)[0m  [1m[36mbegin transaction[0m
  [1m[35m (0.5ms)[0m  [1m[35mCREATE TABLE "categories" ("id" INTEGER PRIMARY KEY AUTOINCREMENT NOT NULL, "name" varchar, "category_query" text, "created_at" datetime NOT NULL, "updated_at" datetime NOT NULL)[0m
  [1m[35mSQL (0.2ms)[0m  [1m[32mINSERT INTO "schema_migrations" ("version") VALUES (?)[0m  [["version", "20171005073435"]]
  [1m[35m (12.4ms)[0m  [1m[36mcommit transaction[0m
Migrating to CreateTerms (20171005073506)
  [1m[35m (0.1ms)[0m  [1m[36mbegin transaction[0m
  [1m[35m (0.6ms)[0m  [1m[35mCREATE TABLE "terms" ("id" INTEGER PRIMARY KEY AUTOINCREMENT NOT NULL, "operator" varchar, "query_id" integer, "category_id" integer, "created_at" datetime NOT NULL, "updated_at" datetime NOT NULL)[0m
  [1m[35m (0.2ms)[0m  [1m[35mCREATE  INDEX "index_terms_on_query_id" ON "terms" ("query_id")[0m
  [1m[35m (0.1ms)[0m  [1m[34m            SELECT sql
            FROM sqlite_master
            WHERE name='index_terms_on_query_id' AND type='index'
            UNION ALL
            SELECT sql
            FROM sqlite_temp_master
            WHERE name='index_terms_on_query_id' AND type='index'
[0m
  [1m[35m (0.2ms)[0m  [1m[35mCREATE  INDEX "index_terms_on_category_id" ON "terms" ("category_id")[0m
  [1m[35mSQL (0.2ms)[0m  [1m[32mINSERT INTO "schema_migrations" ("version") VALUES (?)[0m  [["version", "20171005073506"]]
  [1m[35m (13.0ms)[0m  [1m[36mcommit transaction[0m
Migrating to CreateLanguages (20171005074151)
  [1m[35m (0.1ms)[0m  [1m[36mbegin transaction[0m
  [1m[35m (0.5ms)[0m  [1m[35mCREATE TABLE "languages" ("id" INTEGER PRIMARY KEY AUTOINCREMENT NOT NULL, "name" varchar, "created_at" datetime NOT NULL, "updated_at" datetime NOT NULL)[0m
  [1m[35mSQL (0.2ms)[0m  [1m[32mINSERT INTO "schema_migrations" ("version") VALUES (?)[0m  [["version", "20171005074151"]]
  [1m[35m (12.3ms)[0m  [1m[36mcommit transaction[0m
Migrating to CreateTranslations (20171005074218)
  [1m[35m (0.1ms)[0m  [1m[36mbegin transaction[0m
  [1m[35m (0.5ms)[0m  [1m[35mCREATE TABLE "translations" ("id" INTEGER PRIMARY KEY AUTOINCREMENT NOT NULL, "language_id" integer, "category_id" integer, "translated_query" text, "created_at" datetime NOT NULL, "updated_at" datetime NOT NULL)[0m
  [1m[35m (0.2ms)[0m  [1m[35mCREATE  INDEX "index_translations_on_language_id" ON "translations" ("language_id")[0m
  [1m[35m (0.1ms)[0m  [1m[34m            SELECT sql
            FROM sqlite_master
            WHERE name='index_translations_on_language_id' AND type='index'
            UNION ALL
            SELECT sql
            FROM sqlite_temp_master
            WHERE name='index_translations_on_language_id' AND type='index'
[0m
  [1m[35m (0.2ms)[0m  [1m[35mCREATE  INDEX "index_translations_on_category_id" ON "translations" ("category_id")[0m
  [1m[35mSQL (0.2ms)[0m  [1m[32mINSERT INTO "schema_migrations" ("version") VALUES (?)[0m  [["version", "20171005074218"]]
  [1m[35m (15.0ms)[0m  [1m[36mcommit transaction[0m
Migrating to CreateQueryLanguages (20171005074540)
  [1m[35m (0.1ms)[0m  [1m[36mbegin transaction[0m
  [1m[35m (0.7ms)[0m  [1m[35mCREATE TABLE "query_languages" ("id" INTEGER PRIMARY KEY AUTOINCREMENT NOT NULL, "query_id" integer, "language_id" integer, "created_at" datetime NOT NULL, "updated_at" datetime NOT NULL)[0m
  [1m[35m (0.3ms)[0m  [1m[35mCREATE  INDEX "index_query_languages_on_query_id" ON "query_languages" ("query_id")[0m
  [1m[35m (0.1ms)[0m  [1m[34m            SELECT sql
            FROM sqlite_master
            WHERE name='index_query_languages_on_query_id' AND type='index'
            UNION ALL
            SELECT sql
            FROM sqlite_temp_master
            WHERE name='index_query_languages_on_query_id' AND type='index'
[0m
  [1m[35m (0.2ms)[0m  [1m[35mCREATE  INDEX "index_query_languages_on_language_id" ON "query_languages" ("language_id")[0m
  [1m[35mSQL (0.2ms)[0m  [1m[32mINSERT INTO "schema_migrations" ("version") VALUES (?)[0m  [["version", "20171005074540"]]
  [1m[35m (12.5ms)[0m  [1m[36mcommit transaction[0m
Migrating to AddIndexToLanguages (20171005090436)
  [1m[35m (0.1ms)[0m  [1m[36mbegin transaction[0m
  [1m[35m (0.5ms)[0m  [1m[35mCREATE UNIQUE INDEX "index_languages_on_name" ON "languages" ("name")[0m
  [1m[35mSQL (0.3ms)[0m  [1m[32mINSERT INTO "schema_migrations" ("version") VALUES (?)[0m  [["version", "20171005090436"]]
  [1m[35m (12.0ms)[0m  [1m[36mcommit transaction[0m
Migrating to AddIndexToCategories (20171005090541)
  [1m[35m (0.1ms)[0m  [1m[36mbegin transaction[0m
  [1m[35m (0.4ms)[0m  [1m[35mCREATE UNIQUE INDEX "index_categories_on_name" ON "categories" ("name")[0m
  [1m[35mSQL (0.2ms)[0m  [1m[32mINSERT INTO "schema_migrations" ("version") VALUES (?)[0m  [["version", "20171005090541"]]
  [1m[35m (12.1ms)[0m  [1m[36mcommit transaction[0m
Migrating to AddNameAndRoleToUsers (20171015155510)
  [1m[35m (0.1ms)[0m  [1m[36mbegin transaction[0m
  [1m[35m (0.6ms)[0m  [1m[35mALTER TABLE "users" ADD "username" varchar[0m
  [1m[35m (0.5ms)[0m  [1m[35mALTER TABLE "users" ADD "role" varchar[0m
  [1m[35m (0.4ms)[0m  [1m[35mCREATE  INDEX "index_users_on_username" ON "users" ("username")[0m
  [1m[35mSQL (0.5ms)[0m  [1m[32mINSERT INTO "schema_migrations" ("version") VALUES (?)[0m  [["version", "20171015155510"]]
  [1m[35m (12.0ms)[0m  [1m[36mcommit transaction[0m
Migrating to RemoveColumnsFromUsers (20171015160241)
  [1m[35m (0.1ms)[0m  [1m[36mbegin transaction[0m
  [1m[35m (1.5ms)[0m  [1m[35mCREATE TEMPORARY TABLE "ausers" ("id" INTEGER PRIMARY KEY AUTOINCREMENT NOT NULL, "created_at" datetime NOT NULL, "updated_at" datetime NOT NULL, "username" varchar DEFAULT NULL, "role" varchar DEFAULT NULL)[0m
  [1m[35m (0.1ms)[0m  [1m[34m            SELECT sql
            FROM sqlite_master
            WHERE name='index_users_on_username' AND type='index'
            UNION ALL
            SELECT sql
            FROM sqlite_temp_master
            WHERE name='index_users_on_username' AND type='index'
[0m
  [1m[35m (0.2ms)[0m  [1m[35mCREATE  INDEX "tindex_ausers_on_username" ON "ausers" ("username")[0m
  [1m[35m (0.3ms)[0m  [1m[32mINSERT INTO "ausers" ("id","created_at","updated_at","username","role")
                     SELECT "id","created_at","updated_at","username","role" FROM "users"[0m
  [1m[35m (0.5ms)[0m  [1m[35mDROP TABLE "users"[0m
  [1m[35m (0.3ms)[0m  [1m[35mCREATE TABLE "users" ("id" INTEGER PRIMARY KEY AUTOINCREMENT NOT NULL, "created_at" datetime NOT NULL, "updated_at" datetime NOT NULL, "username" varchar DEFAULT NULL, "role" varchar DEFAULT NULL)[0m
  [1m[35m (0.1ms)[0m  [1m[34m            SELECT sql
            FROM sqlite_master
            WHERE name='tindex_ausers_on_username' AND type='index'
            UNION ALL
            SELECT sql
            FROM sqlite_temp_master
            WHERE name='tindex_ausers_on_username' AND type='index'
[0m
  [1m[35m (0.3ms)[0m  [1m[35mCREATE  INDEX "index_users_on_username" ON "users" ("username")[0m
  [1m[35m (0.2ms)[0m  [1m[32mINSERT INTO "users" ("id","created_at","updated_at","username","role")
                     SELECT "id","created_at","updated_at","username","role" FROM "ausers"[0m
  [1m[35m (0.4ms)[0m  [1m[35mDROP TABLE "ausers"[0m
  [1m[35m (0.3ms)[0m  [1m[35mCREATE TEMPORARY TABLE "ausers" ("id" INTEGER PRIMARY KEY AUTOINCREMENT NOT NULL, "created_at" datetime NOT NULL, "updated_at" datetime NOT NULL, "username" varchar DEFAULT NULL, "role" varchar DEFAULT NULL)[0m
  [1m[35m (0.1ms)[0m  [1m[34m            SELECT sql
            FROM sqlite_master
            WHERE name='index_users_on_username' AND type='index'
            UNION ALL
            SELECT sql
            FROM sqlite_temp_master
            WHERE name='index_users_on_username' AND type='index'
[0m
  [1m[35m (0.2ms)[0m  [1m[35mCREATE  INDEX "tindex_ausers_on_username" ON "ausers" ("username")[0m
  [1m[35m (0.2ms)[0m  [1m[32mINSERT INTO "ausers" ("id","created_at","updated_at","username","role")
                     SELECT "id","created_at","updated_at","username","role" FROM "users"[0m
  [1m[35m (0.4ms)[0m  [1m[35mDROP TABLE "users"[0m
  [1m[35m (0.2ms)[0m  [1m[35mCREATE TABLE "users" ("id" INTEGER PRIMARY KEY AUTOINCREMENT NOT NULL, "created_at" datetime NOT NULL, "updated_at" datetime NOT NULL, "username" varchar DEFAULT NULL, "role" varchar DEFAULT NULL)[0m
  [1m[35m (0.1ms)[0m  [1m[34m            SELECT sql
            FROM sqlite_master
            WHERE name='tindex_ausers_on_username' AND type='index'
            UNION ALL
            SELECT sql
            FROM sqlite_temp_master
            WHERE name='tindex_ausers_on_username' AND type='index'
[0m
  [1m[35m (0.2ms)[0m  [1m[35mCREATE  INDEX "index_users_on_username" ON "users" ("username")[0m
  [1m[35m (0.1ms)[0m  [1m[32mINSERT INTO "users" ("id","created_at","updated_at","username","role")
                     SELECT "id","created_at","updated_at","username","role" FROM "ausers"[0m
  [1m[35m (0.2ms)[0m  [1m[35mDROP TABLE "ausers"[0m
  [1m[35m (0.2ms)[0m  [1m[35mCREATE TEMPORARY TABLE "ausers" ("id" INTEGER PRIMARY KEY AUTOINCREMENT NOT NULL, "created_at" datetime NOT NULL, "updated_at" datetime NOT NULL, "username" varchar DEFAULT NULL, "role" varchar DEFAULT NULL)[0m
  [1m[35m (0.1ms)[0m  [1m[34m            SELECT sql
            FROM sqlite_master
            WHERE name='index_users_on_username' AND type='index'
            UNION ALL
            SELECT sql
            FROM sqlite_temp_master
            WHERE name='index_users_on_username' AND type='index'
[0m
  [1m[35m (0.1ms)[0m  [1m[35mCREATE  INDEX "tindex_ausers_on_username" ON "ausers" ("username")[0m
  [1m[35m (0.1ms)[0m  [1m[32mINSERT INTO "ausers" ("id","created_at","updated_at","username","role")
                     SELECT "id","created_at","updated_at","username","role" FROM "users"[0m
  [1m[35m (0.1ms)[0m  [1m[35mDROP TABLE "users"[0m
  [1m[35m (0.1ms)[0m  [1m[35mCREATE TABLE "users" ("id" INTEGER PRIMARY KEY AUTOINCREMENT NOT NULL, "created_at" datetime NOT NULL, "updated_at" datetime NOT NULL, "username" varchar DEFAULT NULL, "role" varchar DEFAULT NULL)[0m
  [1m[35m (0.1ms)[0m  [1m[34m            SELECT sql
            FROM sqlite_master
            WHERE name='tindex_ausers_on_username' AND type='index'
            UNION ALL
            SELECT sql
            FROM sqlite_temp_master
            WHERE name='tindex_ausers_on_username' AND type='index'
[0m
  [1m[35m (0.1ms)[0m  [1m[35mCREATE  INDEX "index_users_on_username" ON "users" ("username")[0m
  [1m[35m (0.1ms)[0m  [1m[32mINSERT INTO "users" ("id","created_at","updated_at","username","role")
                     SELECT "id","created_at","updated_at","username","role" FROM "ausers"[0m
  [1m[35m (0.1ms)[0m  [1m[35mDROP TABLE "ausers"[0m
  [1m[35mSQL (0.1ms)[0m  [1m[32mINSERT INTO "schema_migrations" ("version") VALUES (?)[0m  [["version", "20171015160241"]]
  [1m[35m (10.3ms)[0m  [1m[36mcommit transaction[0m
  [1m[36mActiveRecord::InternalMetadata Load (0.5ms)[0m  [1m[34mSELECT  "ar_internal_metadata".* FROM "ar_internal_metadata" WHERE "ar_internal_metadata"."key" = ? LIMIT ?[0m  [["key", "environment"], ["LIMIT", 1]]
  [1m[35m (0.1ms)[0m  [1m[36mbegin transaction[0m
  [1m[35mSQL (0.3ms)[0m  [1m[32mINSERT INTO "ar_internal_metadata" ("key", "value", "created_at", "updated_at") VALUES (?, ?, ?, ?)[0m  [["key", "environment"], ["value", "development"], ["created_at", "2018-07-27 09:21:07.146704"], ["updated_at", "2018-07-27 09:21:07.146704"]]
  [1m[35m (9.7ms)[0m  [1m[36mcommit transaction[0m
  [1m[35m (0.1ms)[0m  [1m[34mSELECT "schema_migrations"."version" FROM "schema_migrations" ORDER BY "schema_migrations"."version" ASC[0m
  [1m[35m (0.1ms)[0m  [1m[34m            SELECT sql
            FROM sqlite_master
            WHERE name='index_categories_on_name' AND type='index'
            UNION ALL
            SELECT sql
            FROM sqlite_temp_master
            WHERE name='index_categories_on_name' AND type='index'
[0m
  [1m[35m (0.1ms)[0m  [1m[34m            SELECT sql
            FROM sqlite_master
            WHERE name='index_languages_on_name' AND type='index'
            UNION ALL
            SELECT sql
            FROM sqlite_temp_master
            WHERE name='index_languages_on_name' AND type='index'
[0m
  [1m[35m (0.1ms)[0m  [1m[34m            SELECT sql
            FROM sqlite_master
            WHERE name='index_queries_on_user_id' AND type='index'
            UNION ALL
            SELECT sql
            FROM sqlite_temp_master
            WHERE name='index_queries_on_user_id' AND type='index'
[0m
  [1m[35m (0.1ms)[0m  [1m[34m            SELECT sql
            FROM sqlite_master
            WHERE name='index_query_languages_on_language_id' AND type='index'
            UNION ALL
            SELECT sql
            FROM sqlite_temp_master
            WHERE name='index_query_languages_on_language_id' AND type='index'
[0m
  [1m[35m (0.1ms)[0m  [1m[34m            SELECT sql
            FROM sqlite_master
            WHERE name='index_query_languages_on_query_id' AND type='index'
            UNION ALL
            SELECT sql
            FROM sqlite_temp_master
            WHERE name='index_query_languages_on_query_id' AND type='index'
[0m
  [1m[35m (0.1ms)[0m  [1m[34m            SELECT sql
            FROM sqlite_master
            WHERE name='index_terms_on_category_id' AND type='index'
            UNION ALL
            SELECT sql
            FROM sqlite_temp_master
            WHERE name='index_terms_on_category_id' AND type='index'
[0m
  [1m[35m (0.1ms)[0m  [1m[34m            SELECT sql
            FROM sqlite_master
            WHERE name='index_terms_on_query_id' AND type='index'
            UNION ALL
            SELECT sql
            FROM sqlite_temp_master
            WHERE name='index_terms_on_query_id' AND type='index'
[0m
  [1m[35m (0.1ms)[0m  [1m[34m            SELECT sql
            FROM sqlite_master
            WHERE name='index_translations_on_category_id' AND type='index'
            UNION ALL
            SELECT sql
            FROM sqlite_temp_master
            WHERE name='index_translations_on_category_id' AND type='index'
[0m
  [1m[35m (0.1ms)[0m  [1m[34m            SELECT sql
            FROM sqlite_master
            WHERE name='index_translations_on_language_id' AND type='index'
            UNION ALL
            SELECT sql
            FROM sqlite_temp_master
            WHERE name='index_translations_on_language_id' AND type='index'
[0m
  [1m[35m (0.1ms)[0m  [1m[34m            SELECT sql
            FROM sqlite_master
            WHERE name='index_users_on_username' AND type='index'
            UNION ALL
            SELECT sql
            FROM sqlite_temp_master
            WHERE name='index_users_on_username' AND type='index'
[0m
Started GET "/" for ::1 at 2018-07-27 11:21:44 +0200
  [1m[35m (0.1ms)[0m  [1m[34mSELECT "schema_migrations"."version" FROM "schema_migrations" ORDER BY "schema_migrations"."version" ASC[0m
Processing by Rails::WelcomeController#index as HTML
  Rendering /home/lblahuto/.rvm/gems/ruby-2.5.1/gems/railties-5.1.4/lib/rails/templates/rails/welcome/index.html.erb
  Rendered /home/lblahuto/.rvm/gems/ruby-2.5.1/gems/railties-5.1.4/lib/rails/templates/rails/welcome/index.html.erb (2.3ms)
Completed 200 OK in 5ms (Views: 4.2ms | ActiveRecord: 0.0ms)


Started GET "/favicon.ico" for ::1 at 2018-07-27 11:21:44 +0200
  
ActionController::RoutingError (No route matches [GET] "/favicon.ico"):
  
actionpack (5.1.4) lib/action_dispatch/middleware/debug_exceptions.rb:63:in `call'
actionpack (5.1.4) lib/action_dispatch/middleware/show_exceptions.rb:31:in `call'
railties (5.1.4) lib/rails/rack/logger.rb:36:in `call_app'
railties (5.1.4) lib/rails/rack/logger.rb:24:in `block in call'
activesupport (5.1.4) lib/active_support/tagged_logging.rb:69:in `block in tagged'
activesupport (5.1.4) lib/active_support/tagged_logging.rb:26:in `tagged'
activesupport (5.1.4) lib/active_support/tagged_logging.rb:69:in `tagged'
railties (5.1.4) lib/rails/rack/logger.rb:24:in `call'
actionpack (5.1.4) lib/action_dispatch/middleware/remote_ip.rb:79:in `call'
actionpack (5.1.4) lib/action_dispatch/middleware/request_id.rb:25:in `call'
rack (2.0.3) lib/rack/runtime.rb:22:in `call'
activesupport (5.1.4) lib/active_support/cache/strategy/local_cache_middleware.rb:27:in `call'
actionpack (5.1.4) lib/action_dispatch/middleware/executor.rb:12:in `call'
actionpack (5.1.4) lib/action_dispatch/middleware/static.rb:125:in `call'
rack (2.0.3) lib/rack/sendfile.rb:111:in `call'
rack-cors (1.0.2) lib/rack/cors.rb:97:in `call'
railties (5.1.4) lib/rails/engine.rb:522:in `call'
puma (3.10.0) lib/puma/configuration.rb:225:in `call'
puma (3.10.0) lib/puma/server.rb:605:in `handle_request'
puma (3.10.0) lib/puma/server.rb:437:in `process_client'
puma (3.10.0) lib/puma/server.rb:301:in `block in run'
puma (3.10.0) lib/puma/thread_pool.rb:120:in `block in spawn_thread'
Started GET "/languages" for ::1 at 2018-07-27 13:44:50 +0200
Processing by LanguagesController#index as */*
Started GET "/terms" for ::1 at 2018-07-27 13:44:50 +0200
Started GET "/translations" for ::1 at 2018-07-27 13:44:50 +0200
Started GET "/categories" for ::1 at 2018-07-27 13:44:50 +0200
Processing by TermsController#index as */*
Processing by TranslationsController#index as */*
Processing by CategoriesController#index as */*
  [1m[36mCategory Load (0.3ms)[0m  [1m[34mSELECT "categories".* FROM "categories"[0m
  [1m[36mLanguage Load (0.2ms)[0m  [1m[34mSELECT "languages".* FROM "languages"[0m
Completed 200 OK in 103ms (Views: 10.9ms | ActiveRecord: 1.4ms)


  [1m[36mTranslation Load (0.2ms)[0m  [1m[34mSELECT "translations".* FROM "translations"[0m
Completed 200 OK in 45ms (Views: 12.7ms | ActiveRecord: 1.4ms)


Completed 200 OK in 38ms (Views: 11.1ms | ActiveRecord: 0.7ms)


Started GET "/queries" for ::1 at 2018-07-27 13:44:50 +0200
  [1m[36mTerm Load (0.2ms)[0m  [1m[34mSELECT "terms".* FROM "terms"[0m
Completed 200 OK in 49ms (Views: 16.2ms | ActiveRecord: 1.4ms)


Processing by QueriesController#index as */*
  Parameters: {"query"=>{}}
  [1m[36mUser Load (0.3ms)[0m  [1m[34mSELECT  "users".* FROM "users" WHERE "users"."username" = ? LIMIT ?[0m  [["username", "admin"], ["LIMIT", 1]]
  [1m[35m (0.1ms)[0m  [1m[36mbegin transaction[0m
  [1m[35mSQL (3.8ms)[0m  [1m[32mINSERT INTO "users" ("created_at", "updated_at", "username", "role") VALUES (?, ?, ?, ?)[0m  [["created_at", "2018-07-27 11:44:50.784773"], ["updated_at", "2018-07-27 11:44:50.784773"], ["username", "admin"], ["role", "[]"]]
  [1m[35m (16.6ms)[0m  [1m[36mcommit transaction[0m
  [1m[36mQuery Load (0.4ms)[0m  [1m[34mSELECT "queries".* FROM "queries" WHERE "queries"."user_id" = ?[0m  [["user_id", 1]]
Completed 200 OK in 108ms (Views: 8.5ms | ActiveRecord: 23.2ms)


Started GET "/languages" for ::1 at 2018-07-27 13:45:59 +0200
Processing by LanguagesController#index as */*
  [1m[36mLanguage Load (0.4ms)[0m  [1m[34mSELECT "languages".* FROM "languages"[0m
Completed 200 OK in 2ms (Views: 1.6ms | ActiveRecord: 0.4ms)


Started GET "/translations" for ::1 at 2018-07-27 13:45:59 +0200
Processing by TranslationsController#index as */*
  [1m[36mTranslation Load (0.2ms)[0m  [1m[34mSELECT "translations".* FROM "translations"[0m
Completed 200 OK in 1ms (Views: 0.9ms | ActiveRecord: 0.2ms)


Started GET "/queries" for ::1 at 2018-07-27 13:45:59 +0200
Started GET "/categories" for ::1 at 2018-07-27 13:45:59 +0200
Processing by CategoriesController#index as */*
Processing by QueriesController#index as */*
  [1m[36mCategory Load (0.2ms)[0m  [1m[34mSELECT "categories".* FROM "categories"[0m
Started GET "/terms" for ::1 at 2018-07-27 13:45:59 +0200
  Parameters: {"query"=>{}}
  [1m[36mUser Load (0.2ms)[0m  [1m[34mSELECT  "users".* FROM "users" WHERE "users"."username" = ? LIMIT ?[0m  [["username", "admin"], ["LIMIT", 1]]
Completed 200 OK in 2ms (Views: 1.5ms | ActiveRecord: 0.2ms)


Processing by TermsController#index as */*
  [1m[35m (0.1ms)[0m  [1m[36mbegin transaction[0m
  [1m[36mTerm Load (0.2ms)[0m  [1m[34mSELECT "terms".* FROM "terms"[0m
  [1m[35m (0.1ms)[0m  [1m[36mcommit transaction[0m
Completed 200 OK in 2ms (Views: 1.7ms | ActiveRecord: 0.2ms)


  [1m[36mQuery Load (0.1ms)[0m  [1m[34mSELECT "queries".* FROM "queries" WHERE "queries"."user_id" = ?[0m  [["user_id", 1]]
Completed 200 OK in 8ms (Views: 1.7ms | ActiveRecord: 0.5ms)


Started GET "/languages" for ::1 at 2018-07-27 13:51:05 +0200
Processing by LanguagesController#index as */*
  [1m[36mLanguage Load (0.2ms)[0m  [1m[34mSELECT "languages".* FROM "languages"[0m
Completed 200 OK in 1ms (Views: 0.5ms | ActiveRecord: 0.2ms)


Started GET "/categories" for ::1 at 2018-07-27 13:51:05 +0200
Started GET "/translations" for ::1 at 2018-07-27 13:51:05 +0200
Processing by TranslationsController#index as */*
  [1m[36mTranslation Load (0.2ms)[0m  [1m[34mSELECT "translations".* FROM "translations"[0m
Completed 200 OK in 1ms (Views: 0.5ms | ActiveRecord: 0.2ms)


Started GET "/queries" for ::1 at 2018-07-27 13:51:05 +0200
Processing by QueriesController#index as */*
  Parameters: {"query"=>{}}
  [1m[36mUser Load (0.3ms)[0m  [1m[34mSELECT  "users".* FROM "users" WHERE "users"."username" = ? LIMIT ?[0m  [["username", "admin"], ["LIMIT", 1]]
  [1m[35m (0.1ms)[0m  [1m[36mbegin transaction[0m
  [1m[35m (0.1ms)[0m  [1m[36mcommit transaction[0m
  [1m[36mQuery Load (0.3ms)[0m  [1m[34mSELECT "queries".* FROM "queries" WHERE "queries"."user_id" = ?[0m  [["user_id", 1]]
Processing by CategoriesController#index as */*
Completed 200 OK in 5ms (Views: 1.2ms | ActiveRecord: 0.8ms)


  [1m[36mCategory Load (0.2ms)[0m  [1m[34mSELECT "categories".* FROM "categories"[0m
Completed 200 OK in 4ms (Views: 3.5ms | ActiveRecord: 0.2ms)


Started GET "/terms" for ::1 at 2018-07-27 13:51:05 +0200
Processing by TermsController#index as */*
  [1m[36mTerm Load (0.2ms)[0m  [1m[34mSELECT "terms".* FROM "terms"[0m
Completed 200 OK in 1ms (Views: 0.6ms | ActiveRecord: 0.2ms)


Started GET "/languages" for ::1 at 2018-07-27 13:51:13 +0200
Processing by LanguagesController#index as */*
  [1m[36mLanguage Load (0.2ms)[0m  [1m[34mSELECT "languages".* FROM "languages"[0m
Started GET "/categories" for ::1 at 2018-07-27 13:51:13 +0200
Completed 200 OK in 2ms (Views: 1.2ms | ActiveRecord: 0.2ms)


Processing by CategoriesController#index as */*
  [1m[36mCategory Load (0.2ms)[0m  [1m[34mSELECT "categories".* FROM "categories"[0m
Completed 200 OK in 1ms (Views: 0.6ms | ActiveRecord: 0.2ms)


Started GET "/translations" for ::1 at 2018-07-27 13:51:13 +0200
Processing by TranslationsController#index as */*
  [1m[36mTranslation Load (0.3ms)[0m  [1m[34mSELECT "translations".* FROM "translations"[0m
Completed 200 OK in 2ms (Views: 0.9ms | ActiveRecord: 0.3ms)


Started GET "/queries" for ::1 at 2018-07-27 13:51:13 +0200
Processing by QueriesController#index as */*
  Parameters: {"query"=>{}}
  [1m[36mUser Load (0.3ms)[0m  [1m[34mSELECT  "users".* FROM "users" WHERE "users"."username" = ? LIMIT ?[0m  [["username", "admin"], ["LIMIT", 1]]
  [1m[35m (0.1ms)[0m  [1m[36mbegin transaction[0m
  [1m[35m (0.1ms)[0m  [1m[36mcommit transaction[0m
  [1m[36mQuery Load (0.3ms)[0m  [1m[34mSELECT "queries".* FROM "queries" WHERE "queries"."user_id" = ?[0m  [["user_id", 1]]
Started GET "/terms" for ::1 at 2018-07-27 13:51:13 +0200
Completed 200 OK in 6ms (Views: 2.7ms | ActiveRecord: 0.8ms)


Processing by TermsController#index as */*
  [1m[36mTerm Load (0.3ms)[0m  [1m[34mSELECT "terms".* FROM "terms"[0m
Completed 200 OK in 2ms (Views: 1.1ms | ActiveRecord: 0.3ms)


Started GET "/languages" for ::1 at 2018-07-27 13:52:52 +0200
Processing by LanguagesController#index as */*
  [1m[36mLanguage Load (0.2ms)[0m  [1m[34mSELECT "languages".* FROM "languages"[0m
Completed 200 OK in 1ms (Views: 0.7ms | ActiveRecord: 0.2ms)


Started GET "/categories" for ::1 at 2018-07-27 13:52:52 +0200
Started GET "/translations" for ::1 at 2018-07-27 13:52:52 +0200
Processing by CategoriesController#index as */*
Started GET "/terms" for ::1 at 2018-07-27 13:52:52 +0200
  [1m[36mCategory Load (0.2ms)[0m  [1m[34mSELECT "categories".* FROM "categories"[0m
Completed 200 OK in 3ms (Views: 2.0ms | ActiveRecord: 0.2ms)


Processing by TranslationsController#index as */*
  [1m[36mTranslation Load (0.2ms)[0m  [1m[34mSELECT "translations".* FROM "translations"[0m
Completed 200 OK in 1ms (Views: 0.7ms | ActiveRecord: 0.2ms)


Processing by TermsController#index as */*
  [1m[36mTerm Load (0.2ms)[0m  [1m[34mSELECT "terms".* FROM "terms"[0m
Completed 200 OK in 1ms (Views: 0.6ms | ActiveRecord: 0.2ms)


Started GET "/queries" for ::1 at 2018-07-27 13:52:52 +0200
Processing by QueriesController#index as */*
  Parameters: {"query"=>{}}
  [1m[36mUser Load (0.2ms)[0m  [1m[34mSELECT  "users".* FROM "users" WHERE "users"."username" = ? LIMIT ?[0m  [["username", "test_user"], ["LIMIT", 1]]
  [1m[35m (0.1ms)[0m  [1m[36mbegin transaction[0m
  [1m[35mSQL (1.3ms)[0m  [1m[32mINSERT INTO "users" ("created_at", "updated_at", "username", "role") VALUES (?, ?, ?, ?)[0m  [["created_at", "2018-07-27 11:52:52.941692"], ["updated_at", "2018-07-27 11:52:52.941692"], ["username", "test_user"], ["role", "[\"app_user\"]"]]
  [1m[35m (16.0ms)[0m  [1m[36mcommit transaction[0m
  [1m[36mQuery Load (0.2ms)[0m  [1m[34mSELECT "queries".* FROM "queries" WHERE "queries"."user_id" = ?[0m  [["user_id", 2]]
Completed 200 OK in 30ms (Views: 1.6ms | ActiveRecord: 17.7ms)


Started GET "/languages" for ::1 at 2018-07-27 13:53:09 +0200
Processing by LanguagesController#index as */*
  [1m[36mLanguage Load (0.2ms)[0m  [1m[34mSELECT "languages".* FROM "languages"[0m
Started GET "/translations" for ::1 at 2018-07-27 13:53:09 +0200
Started GET "/queries" for ::1 at 2018-07-27 13:53:09 +0200
Started GET "/terms" for ::1 at 2018-07-27 13:53:09 +0200
Processing by QueriesController#index as */*
Started GET "/categories" for ::1 at 2018-07-27 13:53:09 +0200
  Parameters: {"query"=>{}}
  [1m[36mUser Load (0.3ms)[0m  [1m[34mSELECT  "users".* FROM "users" WHERE "users"."username" = ? LIMIT ?[0m  [["username", "test_user"], ["LIMIT", 1]]
Processing by TranslationsController#index as */*
Processing by TermsController#index as */*
  [1m[36mTranslation Load (0.1ms)[0m  [1m[34mSELECT "translations".* FROM "translations"[0m
Completed 200 OK in 2ms (Views: 1.7ms | ActiveRecord: 0.2ms)


  [1m[36mTerm Load (0.2ms)[0m  [1m[34mSELECT "terms".* FROM "terms"[0m
Processing by CategoriesController#index as */*
  [1m[35m (0.1ms)[0m  [1m[36mbegin transaction[0m
Completed 200 OK in 2ms (Views: 1.7ms | ActiveRecord: 0.1ms)


Completed 200 OK in 2ms (Views: 1.5ms | ActiveRecord: 0.2ms)


  [1m[36mCategory Load (0.2ms)[0m  [1m[34mSELECT "categories".* FROM "categories"[0m
  [1m[35m (0.1ms)[0m  [1m[36mcommit transaction[0m
Completed 200 OK in 3ms (Views: 2.2ms | ActiveRecord: 0.2ms)


  [1m[36mQuery Load (0.3ms)[0m  [1m[34mSELECT "queries".* FROM "queries" WHERE "queries"."user_id" = ?[0m  [["user_id", 2]]
Completed 200 OK in 10ms (Views: 1.8ms | ActiveRecord: 0.7ms)


Started GET "/languages" for ::1 at 2018-07-27 13:53:45 +0200
Started GET "/categories" for ::1 at 2018-07-27 13:53:45 +0200
Started GET "/queries" for ::1 at 2018-07-27 13:53:45 +0200
Started GET "/translations" for ::1 at 2018-07-27 13:53:45 +0200
Processing by LanguagesController#index as */*
Processing by CategoriesController#index as */*
  [1m[36mLanguage Load (0.2ms)[0m  [1m[34mSELECT "languages".* FROM "languages"[0m
Completed 200 OK in 3ms (Views: 2.1ms | ActiveRecord: 0.2ms)


Started GET "/terms" for ::1 at 2018-07-27 13:53:45 +0200
Processing by TermsController#index as */*
  [1m[36mTerm Load (0.2ms)[0m  [1m[34mSELECT "terms".* FROM "terms"[0m
Processing by TranslationsController#index as */*
Completed 200 OK in 1ms (Views: 0.9ms | ActiveRecord: 0.2ms)


  [1m[36mCategory Load (0.2ms)[0m  [1m[34mSELECT "categories".* FROM "categories"[0m
  [1m[36mTranslation Load (0.4ms)[0m  [1m[34mSELECT "translations".* FROM "translations"[0m
Processing by QueriesController#index as */*
Completed 200 OK in 10ms (Views: 9.6ms | ActiveRecord: 0.2ms)


Completed 200 OK in 4ms (Views: 2.6ms | ActiveRecord: 0.4ms)


  Parameters: {"query"=>{}}
  [1m[36mUser Load (0.2ms)[0m  [1m[34mSELECT  "users".* FROM "users" WHERE "users"."username" = ? LIMIT ?[0m  [["username", "test_user"], ["LIMIT", 1]]
  [1m[35m (0.2ms)[0m  [1m[36mbegin transaction[0m
  [1m[35m (0.1ms)[0m  [1m[36mcommit transaction[0m
  [1m[36mQuery Load (0.2ms)[0m  [1m[34mSELECT "queries".* FROM "queries" WHERE "queries"."user_id" = ?[0m  [["user_id", 2]]
Completed 200 OK in 11ms (Views: 7.0ms | ActiveRecord: 0.7ms)


Started GET "/languages" for ::1 at 2018-07-27 14:01:10 +0200
Processing by LanguagesController#index as */*
  [1m[36mLanguage Load (0.2ms)[0m  [1m[34mSELECT "languages".* FROM "languages"[0m
Completed 200 OK in 6ms (Views: 4.5ms | ActiveRecord: 0.2ms)


Started GET "/translations" for ::1 at 2018-07-27 14:01:10 +0200
Started GET "/terms" for ::1 at 2018-07-27 14:01:10 +0200
Processing by TranslationsController#index as */*
  [1m[36mTranslation Load (0.2ms)[0m  [1m[34mSELECT "translations".* FROM "translations"[0m
Processing by TermsController#index as */*
Started GET "/categories" for ::1 at 2018-07-27 14:01:10 +0200
Completed 200 OK in 5ms (Views: 3.9ms | ActiveRecord: 0.2ms)


  [1m[36mTerm Load (0.4ms)[0m  [1m[34mSELECT "terms".* FROM "terms"[0m
Completed 200 OK in 10ms (Views: 9.7ms | ActiveRecord: 0.4ms)


Processing by CategoriesController#index as */*
  [1m[36mCategory Load (0.2ms)[0m  [1m[34mSELECT "categories".* FROM "categories"[0m
Completed 200 OK in 8ms (Views: 6.5ms | ActiveRecord: 0.2ms)


Started GET "/queries" for ::1 at 2018-07-27 14:01:10 +0200
Processing by QueriesController#index as */*
  Parameters: {"query"=>{}}
  [1m[36mUser Load (1.3ms)[0m  [1m[34mSELECT  "users".* FROM "users" WHERE "users"."username" = ? LIMIT ?[0m  [["username", "test_user"], ["LIMIT", 1]]
  [1m[35m (0.1ms)[0m  [1m[36mbegin transaction[0m
  [1m[35mSQL (0.9ms)[0m  [1m[33mUPDATE "users" SET "role" = ?, "updated_at" = ? WHERE "users"."id" = ?[0m  [["role", "[]"], ["updated_at", "2018-07-27 12:01:10.983169"], ["id", 2]]
  [1m[35m (17.5ms)[0m  [1m[36mcommit transaction[0m
  [1m[36mQuery Load (0.2ms)[0m  [1m[34mSELECT "queries".* FROM "queries" WHERE "queries"."user_id" = ?[0m  [["user_id", 2]]
Completed 200 OK in 32ms (Views: 4.0ms | ActiveRecord: 20.0ms)


Started GET "/categories" for ::1 at 2018-07-27 14:02:55 +0200
Processing by CategoriesController#index as */*
  [1m[36mCategory Load (0.2ms)[0m  [1m[34mSELECT "categories".* FROM "categories"[0m
Completed 200 OK in 3ms (Views: 2.5ms | ActiveRecord: 0.2ms)


Started GET "/languages" for ::1 at 2018-07-27 14:02:55 +0200
Started GET "/translations" for ::1 at 2018-07-27 14:02:55 +0200
Processing by LanguagesController#index as */*
  [1m[36mLanguage Load (0.8ms)[0m  [1m[34mSELECT "languages".* FROM "languages"[0m
Completed 200 OK in 4ms (Views: 2.5ms | ActiveRecord: 0.8ms)


Processing by TranslationsController#index as */*
  [1m[36mTranslation Load (1.0ms)[0m  [1m[34mSELECT "translations".* FROM "translations"[0m
Completed 200 OK in 2ms (Views: 0.7ms | ActiveRecord: 1.0ms)


Started GET "/queries" for ::1 at 2018-07-27 14:02:55 +0200
Processing by QueriesController#index as */*
  Parameters: {"query"=>{}}
  [1m[36mUser Load (1.1ms)[0m  [1m[34mSELECT  "users".* FROM "users" WHERE "users"."username" = ? LIMIT ?[0m  [["username", "test_user"], ["LIMIT", 1]]
  [1m[35m (0.1ms)[0m  [1m[36mbegin transaction[0m
  [1m[35mSQL (0.6ms)[0m  [1m[33mUPDATE "users" SET "role" = ?, "updated_at" = ? WHERE "users"."id" = ?[0m  [["role", "[\"app_user\"]"], ["updated_at", "2018-07-27 12:02:55.328134"], ["id", 2]]
Started GET "/terms" for ::1 at 2018-07-27 14:02:55 +0200
  [1m[35m (12.2ms)[0m  [1m[36mcommit transaction[0m
  [1m[36mQuery Load (0.2ms)[0m  [1m[34mSELECT "queries".* FROM "queries" WHERE "queries"."user_id" = ?[0m  [["user_id", 2]]
Completed 200 OK in 34ms (Views: 5.3ms | ActiveRecord: 14.2ms)


Processing by TermsController#index as */*
  [1m[36mTerm Load (0.3ms)[0m  [1m[34mSELECT "terms".* FROM "terms"[0m
Completed 200 OK in 4ms (Views: 3.5ms | ActiveRecord: 0.3ms)


Started GET "/languages" for ::1 at 2018-07-27 14:03:13 +0200
Processing by LanguagesController#index as */*
  [1m[36mLanguage Load (0.2ms)[0m  [1m[34mSELECT "languages".* FROM "languages"[0m
Completed 200 OK in 1ms (Views: 0.5ms | ActiveRecord: 0.2ms)


Started GET "/categories" for ::1 at 2018-07-27 14:03:13 +0200
Processing by CategoriesController#index as */*
  [1m[36mCategory Load (0.2ms)[0m  [1m[34mSELECT "categories".* FROM "categories"[0m
Completed 200 OK in 9ms (Views: 8.2ms | ActiveRecord: 0.2ms)


Started GET "/queries" for ::1 at 2018-07-27 14:03:13 +0200
Processing by QueriesController#index as */*
  Parameters: {"query"=>{}}
  [1m[36mUser Load (0.2ms)[0m  [1m[34mSELECT  "users".* FROM "users" WHERE "users"."username" = ? LIMIT ?[0m  [["username", "test_user"], ["LIMIT", 1]]
Started GET "/terms" for ::1 at 2018-07-27 14:03:13 +0200
  [1m[35m (0.1ms)[0m  [1m[36mbegin transaction[0m
  [1m[35m (0.2ms)[0m  [1m[36mcommit transaction[0m
Started GET "/translations" for ::1 at 2018-07-27 14:03:13 +0200
Processing by TermsController#index as */*
  [1m[36mQuery Load (0.2ms)[0m  [1m[34mSELECT "queries".* FROM "queries" WHERE "queries"."user_id" = ?[0m  [["user_id", 2]]
  [1m[36mTerm Load (0.3ms)[0m  [1m[34mSELECT "terms".* FROM "terms"[0m
Completed 200 OK in 22ms (Views: 15.1ms | ActiveRecord: 0.7ms)


Completed 200 OK in 11ms (Views: 10.6ms | ActiveRecord: 0.3ms)


Processing by TranslationsController#index as */*
  [1m[36mTranslation Load (0.3ms)[0m  [1m[34mSELECT "translations".* FROM "translations"[0m
Completed 200 OK in 6ms (Views: 5.8ms | ActiveRecord: 0.3ms)


Started GET "/languages" for ::1 at 2018-07-27 14:06:11 +0200
Started GET "/categories" for ::1 at 2018-07-27 14:06:11 +0200
Processing by CategoriesController#index as */*
Processing by LanguagesController#index as */*
  [1m[36mCategory Load (0.2ms)[0m  [1m[34mSELECT "categories".* FROM "categories"[0m
Completed 200 OK in 3ms (Views: 2.1ms | ActiveRecord: 0.2ms)


  [1m[36mLanguage Load (0.2ms)[0m  [1m[34mSELECT "languages".* FROM "languages"[0m
Started GET "/translations" for ::1 at 2018-07-27 14:06:11 +0200
Completed 200 OK in 3ms (Views: 2.3ms | ActiveRecord: 0.2ms)


Processing by TranslationsController#index as */*
  [1m[36mTranslation Load (0.2ms)[0m  [1m[34mSELECT "translations".* FROM "translations"[0m
Completed 200 OK in 1ms (Views: 0.7ms | ActiveRecord: 0.2ms)


Started GET "/terms" for ::1 at 2018-07-27 14:06:11 +0200
Processing by TermsController#index as */*
  [1m[36mTerm Load (0.2ms)[0m  [1m[34mSELECT "terms".* FROM "terms"[0m
Completed 200 OK in 2ms (Views: 1.0ms | ActiveRecord: 0.2ms)


Started GET "/queries" for ::1 at 2018-07-27 14:06:11 +0200
Processing by QueriesController#index as */*
  Parameters: {"query"=>{}}
  [1m[36mUser Load (0.1ms)[0m  [1m[34mSELECT  "users".* FROM "users" WHERE "users"."username" = ? LIMIT ?[0m  [["username", "test_user"], ["LIMIT", 1]]
  [1m[35m (0.0ms)[0m  [1m[36mbegin transaction[0m
  [1m[35m (0.1ms)[0m  [1m[36mcommit transaction[0m
  [1m[36mQuery Load (0.1ms)[0m  [1m[34mSELECT "queries".* FROM "queries" WHERE "queries"."user_id" = ?[0m  [["user_id", 2]]
Completed 200 OK in 2ms (Views: 0.7ms | ActiveRecord: 0.3ms)


Started GET "/categories" for ::1 at 2018-07-27 14:19:31 +0200
Processing by CategoriesController#index as */*
  [1m[36mCategory Load (0.2ms)[0m  [1m[34mSELECT "categories".* FROM "categories"[0m
Completed 200 OK in 1ms (Views: 0.6ms | ActiveRecord: 0.2ms)


Started GET "/languages" for ::1 at 2018-07-27 14:19:31 +0200
Processing by LanguagesController#index as */*
  [1m[36mLanguage Load (0.2ms)[0m  [1m[34mSELECT "languages".* FROM "languages"[0m
Completed 200 OK in 1ms (Views: 0.6ms | ActiveRecord: 0.2ms)


Started GET "/translations" for ::1 at 2018-07-27 14:19:31 +0200
Processing by TranslationsController#index as */*
  [1m[36mTranslation Load (0.2ms)[0m  [1m[34mSELECT "translations".* FROM "translations"[0m
Completed 200 OK in 1ms (Views: 0.6ms | ActiveRecord: 0.2ms)


Started GET "/terms" for ::1 at 2018-07-27 14:19:31 +0200
Processing by TermsController#index as */*
  [1m[36mTerm Load (0.2ms)[0m  [1m[34mSELECT "terms".* FROM "terms"[0m
Completed 200 OK in 4ms (Views: 3.4ms | ActiveRecord: 0.2ms)


Started GET "/queries" for ::1 at 2018-07-27 14:19:31 +0200
Processing by QueriesController#index as */*
  Parameters: {"query"=>{}}
  [1m[36mUser Load (0.2ms)[0m  [1m[34mSELECT  "users".* FROM "users" WHERE "users"."username" = ? LIMIT ?[0m  [["username", "test_user"], ["LIMIT", 1]]
  [1m[35m (0.1ms)[0m  [1m[36mbegin transaction[0m
  [1m[35m (0.1ms)[0m  [1m[36mcommit transaction[0m
  [1m[36mQuery Load (0.1ms)[0m  [1m[34mSELECT "queries".* FROM "queries" WHERE "queries"."user_id" = ?[0m  [["user_id", 2]]
Completed 200 OK in 5ms (Views: 1.3ms | ActiveRecord: 0.5ms)


Started GET "/languages" for ::1 at 2018-07-27 14:22:38 +0200
Processing by LanguagesController#index as */*
  [1m[36mLanguage Load (0.2ms)[0m  [1m[34mSELECT "languages".* FROM "languages"[0m
Completed 200 OK in 1ms (Views: 0.7ms | ActiveRecord: 0.2ms)


Started GET "/categories" for ::1 at 2018-07-27 14:22:38 +0200
Processing by CategoriesController#index as */*
  [1m[36mCategory Load (0.2ms)[0m  [1m[34mSELECT "categories".* FROM "categories"[0m
Completed 200 OK in 1ms (Views: 0.6ms | ActiveRecord: 0.2ms)


Started GET "/translations" for ::1 at 2018-07-27 14:22:38 +0200
Processing by TranslationsController#index as */*
  [1m[36mTranslation Load (0.2ms)[0m  [1m[34mSELECT "translations".* FROM "translations"[0m
Completed 200 OK in 1ms (Views: 0.8ms | ActiveRecord: 0.2ms)


Started GET "/queries" for ::1 at 2018-07-27 14:22:38 +0200
Processing by QueriesController#index as */*
  Parameters: {"query"=>{}}
  [1m[36mUser Load (0.7ms)[0m  [1m[34mSELECT  "users".* FROM "users" WHERE "users"."username" = ? LIMIT ?[0m  [["username", "test_user"], ["LIMIT", 1]]
Started GET "/terms" for ::1 at 2018-07-27 14:22:38 +0200
  [1m[35m (0.1ms)[0m  [1m[36mbegin transaction[0m
Processing by TermsController#index as */*
  [1m[35m (0.1ms)[0m  [1m[36mcommit transaction[0m
  [1m[36mTerm Load (0.3ms)[0m  [1m[34mSELECT "terms".* FROM "terms"[0m
  [1m[36mQuery Load (0.2ms)[0m  [1m[34mSELECT "queries".* FROM "queries" WHERE "queries"."user_id" = ?[0m  [["user_id", 2]]
Completed 200 OK in 5ms (Views: 4.1ms | ActiveRecord: 0.3ms)


Completed 200 OK in 15ms (Views: 2.9ms | ActiveRecord: 1.1ms)


Started GET "/languages" for ::1 at 2018-07-27 14:22:58 +0200
Processing by LanguagesController#index as */*
  [1m[36mLanguage Load (0.2ms)[0m  [1m[34mSELECT "languages".* FROM "languages"[0m
Completed 200 OK in 1ms (Views: 0.6ms | ActiveRecord: 0.2ms)


Started GET "/categories" for ::1 at 2018-07-27 14:22:58 +0200
Started GET "/translations" for ::1 at 2018-07-27 14:22:58 +0200
Processing by TranslationsController#index as */*
  [1m[36mTranslation Load (0.2ms)[0m  [1m[34mSELECT "translations".* FROM "translations"[0m
Processing by CategoriesController#index as */*
Completed 200 OK in 1ms (Views: 0.8ms | ActiveRecord: 0.2ms)


Started GET "/terms" for ::1 at 2018-07-27 14:22:58 +0200
Processing by TermsController#index as */*
  [1m[36mTerm Load (0.2ms)[0m  [1m[34mSELECT "terms".* FROM "terms"[0m
Completed 200 OK in 1ms (Views: 0.7ms | ActiveRecord: 0.2ms)


  [1m[36mCategory Load (0.3ms)[0m  [1m[34mSELECT "categories".* FROM "categories"[0m
Completed 200 OK in 6ms (Views: 5.2ms | ActiveRecord: 0.3ms)


Started GET "/queries" for ::1 at 2018-07-27 14:22:58 +0200
Processing by QueriesController#index as */*
  Parameters: {"query"=>{}}
  [1m[36mUser Load (0.2ms)[0m  [1m[34mSELECT  "users".* FROM "users" WHERE "users"."username" = ? LIMIT ?[0m  [["username", "test_user"], ["LIMIT", 1]]
  [1m[35m (0.1ms)[0m  [1m[36mbegin transaction[0m
  [1m[35m (0.1ms)[0m  [1m[36mcommit transaction[0m
  [1m[36mQuery Load (0.2ms)[0m  [1m[34mSELECT "queries".* FROM "queries" WHERE "queries"."user_id" = ?[0m  [["user_id", 2]]
Completed 200 OK in 4ms (Views: 1.2ms | ActiveRecord: 0.5ms)


Started GET "/languages" for ::1 at 2018-07-27 14:24:04 +0200
Processing by LanguagesController#index as */*
  [1m[36mLanguage Load (0.1ms)[0m  [1m[34mSELECT "languages".* FROM "languages"[0m
Completed 200 OK in 1ms (Views: 0.4ms | ActiveRecord: 0.1ms)


Started GET "/categories" for ::1 at 2018-07-27 14:24:04 +0200
Processing by CategoriesController#index as */*
Started GET "/translations" for ::1 at 2018-07-27 14:24:04 +0200
  [1m[36mCategory Load (0.2ms)[0m  [1m[34mSELECT "categories".* FROM "categories"[0m
Started GET "/terms" for ::1 at 2018-07-27 14:24:04 +0200
Processing by TranslationsController#index as */*
Started GET "/queries" for ::1 at 2018-07-27 14:24:04 +0200
Completed 200 OK in 6ms (Views: 5.2ms | ActiveRecord: 0.2ms)


  [1m[36mTranslation Load (0.3ms)[0m  [1m[34mSELECT "translations".* FROM "translations"[0m
Completed 200 OK in 20ms (Views: 18.8ms | ActiveRecord: 0.3ms)


Processing by TermsController#index as */*
  [1m[36mTerm Load (0.3ms)[0m  [1m[34mSELECT "terms".* FROM "terms"[0m
Completed 200 OK in 1ms (Views: 0.7ms | ActiveRecord: 0.3ms)


Processing by QueriesController#index as */*
  Parameters: {"query"=>{}}
  [1m[36mUser Load (0.2ms)[0m  [1m[34mSELECT  "users".* FROM "users" WHERE "users"."username" = ? LIMIT ?[0m  [["username", "test_user"], ["LIMIT", 1]]
  [1m[35m (0.1ms)[0m  [1m[36mbegin transaction[0m
  [1m[35m (0.1ms)[0m  [1m[36mcommit transaction[0m
  [1m[36mQuery Load (0.2ms)[0m  [1m[34mSELECT "queries".* FROM "queries" WHERE "queries"."user_id" = ?[0m  [["user_id", 2]]
Completed 200 OK in 4ms (Views: 1.3ms | ActiveRecord: 0.5ms)


Started GET "/languages" for ::1 at 2018-07-27 14:30:07 +0200
Processing by LanguagesController#index as */*
  [1m[36mLanguage Load (0.3ms)[0m  [1m[34mSELECT "languages".* FROM "languages"[0m
Completed 200 OK in 2ms (Views: 1.0ms | ActiveRecord: 0.3ms)


Started GET "/translations" for ::1 at 2018-07-27 14:30:07 +0200
Processing by TranslationsController#index as */*
  [1m[36mTranslation Load (0.2ms)[0m  [1m[34mSELECT "translations".* FROM "translations"[0m
Completed 200 OK in 1ms (Views: 0.6ms | ActiveRecord: 0.2ms)


Started GET "/categories" for ::1 at 2018-07-27 14:30:07 +0200
Processing by CategoriesController#index as */*
  [1m[36mCategory Load (0.2ms)[0m  [1m[34mSELECT "categories".* FROM "categories"[0m
Completed 200 OK in 2ms (Views: 1.1ms | ActiveRecord: 0.2ms)


Started GET "/terms" for ::1 at 2018-07-27 14:30:07 +0200
Processing by TermsController#index as */*
  [1m[36mTerm Load (0.3ms)[0m  [1m[34mSELECT "terms".* FROM "terms"[0m
Completed 200 OK in 3ms (Views: 1.9ms | ActiveRecord: 0.3ms)


Started GET "/queries" for ::1 at 2018-07-27 14:30:07 +0200
Processing by QueriesController#index as */*
  Parameters: {"query"=>{}}
  [1m[36mUser Load (0.2ms)[0m  [1m[34mSELECT  "users".* FROM "users" WHERE "users"."username" = ? LIMIT ?[0m  [["username", "test_user"], ["LIMIT", 1]]
  [1m[35m (0.2ms)[0m  [1m[36mbegin transaction[0m
  [1m[35m (0.1ms)[0m  [1m[36mcommit transaction[0m
  [1m[36mQuery Load (0.3ms)[0m  [1m[34mSELECT "queries".* FROM "queries" WHERE "queries"."user_id" = ?[0m  [["user_id", 2]]
Completed 200 OK in 5ms (Views: 1.7ms | ActiveRecord: 0.7ms)


Started GET "/languages" for ::1 at 2018-07-27 14:30:30 +0200
Processing by LanguagesController#index as */*
  [1m[36mLanguage Load (0.2ms)[0m  [1m[34mSELECT "languages".* FROM "languages"[0m
Started GET "/translations" for ::1 at 2018-07-27 14:30:30 +0200
Completed 200 OK in 3ms (Views: 2.5ms | ActiveRecord: 0.2ms)


Started GET "/categories" for ::1 at 2018-07-27 14:30:30 +0200
Started GET "/terms" for ::1 at 2018-07-27 14:30:30 +0200
Started GET "/queries" for ::1 at 2018-07-27 14:30:30 +0200
Processing by TranslationsController#index as */*
  [1m[36mTranslation Load (0.3ms)[0m  [1m[34mSELECT "translations".* FROM "translations"[0m
Completed 200 OK in 2ms (Views: 1.2ms | ActiveRecord: 0.3ms)


Processing by CategoriesController#index as */*
Processing by TermsController#index as */*
  [1m[36mTerm Load (0.2ms)[0m  [1m[34mSELECT "terms".* FROM "terms"[0m
Processing by QueriesController#index as */*
  [1m[36mCategory Load (0.2ms)[0m  [1m[34mSELECT "categories".* FROM "categories"[0m
Completed 200 OK in 3ms (Views: 2.4ms | ActiveRecord: 0.2ms)


  Parameters: {"query"=>{}}
  [1m[36mUser Load (0.2ms)[0m  [1m[34mSELECT  "users".* FROM "users" WHERE "users"."username" = ? LIMIT ?[0m  [["username", "test_user"], ["LIMIT", 1]]
  [1m[35m (0.1ms)[0m  [1m[36mbegin transaction[0m
  [1m[35m (0.1ms)[0m  [1m[36mcommit transaction[0m
Completed 200 OK in 4ms (Views: 3.8ms | ActiveRecord: 0.2ms)


  [1m[36mQuery Load (0.2ms)[0m  [1m[34mSELECT "queries".* FROM "queries" WHERE "queries"."user_id" = ?[0m  [["user_id", 2]]
Completed 200 OK in 8ms (Views: 4.5ms | ActiveRecord: 0.5ms)


Started GET "/categories" for ::1 at 2018-07-27 14:30:33 +0200
Started GET "/translations" for ::1 at 2018-07-27 14:30:33 +0200
Started GET "/languages" for ::1 at 2018-07-27 14:30:33 +0200
Processing by CategoriesController#index as */*
  [1m[36mCategory Load (0.2ms)[0m  [1m[34mSELECT "categories".* FROM "categories"[0m
Completed 200 OK in 2ms (Views: 1.6ms | ActiveRecord: 0.2ms)


Processing by TranslationsController#index as */*
  [1m[36mTranslation Load (0.2ms)[0m  [1m[34mSELECT "translations".* FROM "translations"[0m
Completed 200 OK in 2ms (Views: 1.2ms | ActiveRecord: 0.2ms)


Started GET "/queries" for ::1 at 2018-07-27 14:30:33 +0200
Processing by QueriesController#index as */*
  Parameters: {"query"=>{}}
  [1m[36mUser Load (0.2ms)[0m  [1m[34mSELECT  "users".* FROM "users" WHERE "users"."username" = ? LIMIT ?[0m  [["username", "test_user"], ["LIMIT", 1]]
  [1m[35m (0.1ms)[0m  [1m[36mbegin transaction[0m
Started GET "/terms" for ::1 at 2018-07-27 14:30:33 +0200
  [1m[35m (0.1ms)[0m  [1m[36mcommit transaction[0m
Processing by LanguagesController#index as */*
Processing by TermsController#index as */*
  [1m[36mQuery Load (0.2ms)[0m  [1m[34mSELECT "queries".* FROM "queries" WHERE "queries"."user_id" = ?[0m  [["user_id", 2]]
  [1m[36mLanguage Load (0.2ms)[0m  [1m[34mSELECT "languages".* FROM "languages"[0m
  [1m[36mTerm Load (0.2ms)[0m  [1m[34mSELECT "terms".* FROM "terms"[0m
Completed 200 OK in 7ms (Views: 3.2ms | ActiveRecord: 0.5ms)


Completed 200 OK in 3ms (Views: 2.2ms | ActiveRecord: 0.2ms)


Completed 200 OK in 2ms (Views: 1.5ms | ActiveRecord: 0.2ms)


Started POST "/queries" for ::1 at 2018-07-27 14:58:42 +0200
Processing by QueriesController#create as */*
  Parameters: {"name"=>"test", "text_of_query"=>nil, "query"=>{"name"=>"test", "text_of_query"=>nil}}
  [1m[36mUser Load (0.1ms)[0m  [1m[34mSELECT  "users".* FROM "users" WHERE "users"."username" = ? LIMIT ?[0m  [["username", "test_user"], ["LIMIT", 1]]
  [1m[35m (0.0ms)[0m  [1m[36mbegin transaction[0m
  [1m[35m (0.1ms)[0m  [1m[36mcommit transaction[0m
Unpermitted parameter: :query
  [1m[35m (0.0ms)[0m  [1m[36mbegin transaction[0m
  [1m[35mSQL (0.3ms)[0m  [1m[32mINSERT INTO "queries" ("name", "user_id", "created_at", "updated_at") VALUES (?, ?, ?, ?)[0m  [["name", "test"], ["user_id", 2], ["created_at", "2018-07-27 12:58:42.025679"], ["updated_at", "2018-07-27 12:58:42.025679"]]
  [1m[35m (11.5ms)[0m  [1m[36mcommit transaction[0m
Completed 201 Created in 22ms (Views: 0.3ms | ActiveRecord: 12.4ms)


Started GET "/basic_form_query/1" for ::1 at 2018-07-27 14:58:43 +0200
Started GET "/expanded_query_linkedin/1" for ::1 at 2018-07-27 14:58:43 +0200
Processing by BasicFormQueryController#show as */*
  Parameters: {"id"=>"1", "basic_form_query"=>{}}
  [1m[36mUser Load (0.1ms)[0m  [1m[34mSELECT  "users".* FROM "users" WHERE "users"."username" = ? LIMIT ?[0m  [["username", "test_user"], ["LIMIT", 1]]
  [1m[35m (0.1ms)[0m  [1m[36mbegin transaction[0m
  [1m[35m (0.1ms)[0m  [1m[36mcommit transaction[0m
  [1m[36mQuery Load (0.1ms)[0m  [1m[34mSELECT  "queries".* FROM "queries" WHERE "queries"."id" = ? LIMIT ?[0m  [["id", 1], ["LIMIT", 1]]
  [1m[36mTerm Load (0.1ms)[0m  [1m[34mSELECT "terms".* FROM "terms" WHERE "terms"."query_id" = ?[0m  [["query_id", 1]]
Completed 200 OK in 5ms (Views: 0.1ms | ActiveRecord: 0.5ms)


Processing by ExpandedQueryLinkedinController#show as */*
  Parameters: {"id"=>"1", "expanded_query_linkedin"=>{}}
  [1m[36mUser Load (0.1ms)[0m  [1m[34mSELECT  "users".* FROM "users" WHERE "users"."username" = ? LIMIT ?[0m  [["username", "test_user"], ["LIMIT", 1]]
  [1m[35m (0.1ms)[0m  [1m[36mbegin transaction[0m
  [1m[35m (0.3ms)[0m  [1m[36mcommit transaction[0m
  [1m[36mQuery Load (0.3ms)[0m  [1m[34mSELECT  "queries".* FROM "queries" WHERE "queries"."id" = ? LIMIT ?[0m  [["id", 1], ["LIMIT", 1]]
  [1m[36mTerm Load (0.2ms)[0m  [1m[34mSELECT "terms".* FROM "terms" WHERE "terms"."query_id" = ?[0m  [["query_id", 1]]
Completed 200 OK in 5ms (Views: 0.2ms | ActiveRecord: 1.0ms)


Started GET "/languages" for ::1 at 2018-07-27 15:14:30 +0200
Processing by LanguagesController#index as */*
  [1m[36mLanguage Load (0.2ms)[0m  [1m[34mSELECT "languages".* FROM "languages"[0m
Completed 200 OK in 1ms (Views: 0.6ms | ActiveRecord: 0.2ms)


Started GET "/categories" for ::1 at 2018-07-27 15:14:30 +0200
Started GET "/translations" for ::1 at 2018-07-27 15:14:30 +0200
Processing by CategoriesController#index as */*
  [1m[36mCategory Load (0.2ms)[0m  [1m[34mSELECT "categories".* FROM "categories"[0m
Processing by TranslationsController#index as */*
Completed 200 OK in 2ms (Views: 1.0ms | ActiveRecord: 0.2ms)


  [1m[36mTranslation Load (0.2ms)[0m  [1m[34mSELECT "translations".* FROM "translations"[0m
Completed 200 OK in 2ms (Views: 1.3ms | ActiveRecord: 0.2ms)


Started GET "/terms" for ::1 at 2018-07-27 15:14:30 +0200
Processing by TermsController#index as */*
  [1m[36mTerm Load (0.2ms)[0m  [1m[34mSELECT "terms".* FROM "terms"[0m
Completed 200 OK in 1ms (Views: 0.6ms | ActiveRecord: 0.2ms)


Started GET "/queries" for ::1 at 2018-07-27 15:14:30 +0200
Processing by QueriesController#index as */*
  Parameters: {"query"=>{}}
  [1m[36mUser Load (0.2ms)[0m  [1m[34mSELECT  "users".* FROM "users" WHERE "users"."username" = ? LIMIT ?[0m  [["username", "admin_user"], ["LIMIT", 1]]
  [1m[35m (0.1ms)[0m  [1m[36mbegin transaction[0m
  [1m[35mSQL (1.1ms)[0m  [1m[32mINSERT INTO "users" ("created_at", "updated_at", "username", "role") VALUES (?, ?, ?, ?)[0m  [["created_at", "2018-07-27 13:14:30.345481"], ["updated_at", "2018-07-27 13:14:30.345481"], ["username", "admin_user"], ["role", "[\"app_admin\"]"]]
  [1m[35m (13.5ms)[0m  [1m[36mcommit transaction[0m
  [1m[36mQuery Load (0.1ms)[0m  [1m[34mSELECT "queries".* FROM "queries" WHERE "queries"."user_id" = ?[0m  [["user_id", 3]]
Completed 200 OK in 24ms (Views: 2.2ms | ActiveRecord: 15.0ms)


Started POST "/categories" for ::1 at 2018-07-27 15:15:10 +0200
Processing by CategoriesController#create as */*
  Parameters: {"name"=>"Python", "category_query"=>"engineer AND Python", "category"=>{"name"=>"Python", "category_query"=>"engineer AND Python"}}
  [1m[36mUser Load (0.3ms)[0m  [1m[34mSELECT  "users".* FROM "users" WHERE "users"."username" = ? LIMIT ?[0m  [["username", "admin_user"], ["LIMIT", 1]]
  [1m[35m (0.1ms)[0m  [1m[36mbegin transaction[0m
  [1m[35m (0.1ms)[0m  [1m[36mcommit transaction[0m
Unpermitted parameter: :category
  [1m[35m (0.1ms)[0m  [1m[36mbegin transaction[0m
  [1m[36mCategory Exists (0.2ms)[0m  [1m[34mSELECT  1 AS one FROM "categories" WHERE LOWER("categories"."name") = LOWER(?) LIMIT ?[0m  [["name", "Python"], ["LIMIT", 1]]
  [1m[35mSQL (0.4ms)[0m  [1m[32mINSERT INTO "categories" ("name", "category_query", "created_at", "updated_at") VALUES (?, ?, ?, ?)[0m  [["name", "Python"], ["category_query", "engineer AND Python"], ["created_at", "2018-07-27 13:15:10.427469"], ["updated_at", "2018-07-27 13:15:10.427469"]]
  [1m[35m (12.5ms)[0m  [1m[36mcommit transaction[0m
Completed 201 Created in 30ms (Views: 0.4ms | ActiveRecord: 14.2ms)


Started POST "/languages" for ::1 at 2018-07-27 15:15:28 +0200
Processing by LanguagesController#create as */*
  Parameters: {"name"=>"Czech", "language"=>{"name"=>"Czech"}}
  [1m[36mUser Load (0.2ms)[0m  [1m[34mSELECT  "users".* FROM "users" WHERE "users"."username" = ? LIMIT ?[0m  [["username", "admin_user"], ["LIMIT", 1]]
  [1m[35m (0.1ms)[0m  [1m[36mbegin transaction[0m
  [1m[35m (0.1ms)[0m  [1m[36mcommit transaction[0m
Unpermitted parameter: :language
  [1m[35m (0.1ms)[0m  [1m[36mbegin transaction[0m
  [1m[36mLanguage Exists (0.1ms)[0m  [1m[34mSELECT  1 AS one FROM "languages" WHERE LOWER("languages"."name") = LOWER(?) LIMIT ?[0m  [["name", "Czech"], ["LIMIT", 1]]
  [1m[35mSQL (0.7ms)[0m  [1m[32mINSERT INTO "languages" ("name", "created_at", "updated_at") VALUES (?, ?, ?)[0m  [["name", "Czech"], ["created_at", "2018-07-27 13:15:28.735740"], ["updated_at", "2018-07-27 13:15:28.735740"]]
  [1m[35m (12.6ms)[0m  [1m[36mcommit transaction[0m
Completed 201 Created in 24ms (Views: 0.6ms | ActiveRecord: 14.6ms)


Started POST "/categories/1/languages/1/translations" for ::1 at 2018-07-27 15:15:42 +0200
Processing by TranslationsController#create as */*
  Parameters: {"category_id"=>"1", "language_id"=>"1", "translated_query"=>"programator AND Python", "translation"=>{"language_id"=>"1", "category_id"=>"1", "translated_query"=>"programator AND Python"}}
  [1m[36mUser Load (0.3ms)[0m  [1m[34mSELECT  "users".* FROM "users" WHERE "users"."username" = ? LIMIT ?[0m  [["username", "admin_user"], ["LIMIT", 1]]
  [1m[35m (0.3ms)[0m  [1m[36mbegin transaction[0m
  [1m[35m (0.1ms)[0m  [1m[36mcommit transaction[0m
  [1m[36mCategory Load (0.6ms)[0m  [1m[34mSELECT  "categories".* FROM "categories" WHERE "categories"."id" = ? LIMIT ?[0m  [["id", 1], ["LIMIT", 1]]
  [1m[36mLanguage Load (0.4ms)[0m  [1m[34mSELECT  "languages".* FROM "languages" WHERE "languages"."id" = ? LIMIT ?[0m  [["id", 1], ["LIMIT", 1]]
Unpermitted parameter: :translation
  [1m[35m (0.1ms)[0m  [1m[36mbegin transaction[0m
  [1m[36mLanguage Load (0.1ms)[0m  [1m[34mSELECT  "languages".* FROM "languages" WHERE "languages"."id" = ? LIMIT ?[0m  [["id", 1], ["LIMIT", 1]]
  [1m[35mSQL (0.4ms)[0m  [1m[32mINSERT INTO "translations" ("language_id", "category_id", "translated_query", "created_at", "updated_at") VALUES (?, ?, ?, ?, ?)[0m  [["language_id", 1], ["category_id", 1], ["translated_query", "programator AND Python"], ["created_at", "2018-07-27 13:15:42.675397"], ["updated_at", "2018-07-27 13:15:42.675397"]]
  [1m[35m (12.6ms)[0m  [1m[36mcommit transaction[0m
Completed 201 Created in 42ms (Views: 0.4ms | ActiveRecord: 15.8ms)


Started POST "/queries" for ::1 at 2018-07-27 15:16:09 +0200
Processing by QueriesController#create as */*
  Parameters: {"name"=>"Python engineer", "text_of_query"=>nil, "query"=>{"name"=>"Python engineer", "text_of_query"=>nil}}
  [1m[36mUser Load (0.3ms)[0m  [1m[34mSELECT  "users".* FROM "users" WHERE "users"."username" = ? LIMIT ?[0m  [["username", "admin_user"], ["LIMIT", 1]]
  [1m[35m (0.3ms)[0m  [1m[36mbegin transaction[0m
  [1m[35m (1.1ms)[0m  [1m[36mcommit transaction[0m
Unpermitted parameter: :query
  [1m[35m (0.1ms)[0m  [1m[36mbegin transaction[0m
  [1m[35mSQL (1.4ms)[0m  [1m[32mINSERT INTO "queries" ("name", "user_id", "created_at", "updated_at") VALUES (?, ?, ?, ?)[0m  [["name", "Python engineer"], ["user_id", 3], ["created_at", "2018-07-27 13:16:09.667101"], ["updated_at", "2018-07-27 13:16:09.667101"]]
  [1m[35m (36.6ms)[0m  [1m[36mcommit transaction[0m
Completed 201 Created in 52ms (Views: 0.4ms | ActiveRecord: 39.8ms)


Started GET "/basic_form_query/2" for ::1 at 2018-07-27 15:16:11 +0200
Processing by BasicFormQueryController#show as */*
  Parameters: {"id"=>"2", "basic_form_query"=>{}}
  [1m[36mUser Load (0.2ms)[0m  [1m[34mSELECT  "users".* FROM "users" WHERE "users"."username" = ? LIMIT ?[0m  [["username", "admin_user"], ["LIMIT", 1]]
  [1m[35m (0.0ms)[0m  [1m[36mbegin transaction[0m
  [1m[35m (0.1ms)[0m  [1m[36mcommit transaction[0m
  [1m[36mQuery Load (0.2ms)[0m  [1m[34mSELECT  "queries".* FROM "queries" WHERE "queries"."id" = ? LIMIT ?[0m  [["id", 2], ["LIMIT", 1]]
  [1m[36mTerm Load (0.2ms)[0m  [1m[34mSELECT "terms".* FROM "terms" WHERE "terms"."query_id" = ?[0m  [["query_id", 2]]
Started GET "/expanded_query_linkedin/2" for ::1 at 2018-07-27 15:16:11 +0200
Completed 200 OK in 5ms (Views: 0.2ms | ActiveRecord: 0.7ms)


Processing by ExpandedQueryLinkedinController#show as */*
  Parameters: {"id"=>"2", "expanded_query_linkedin"=>{}}
  [1m[36mUser Load (0.2ms)[0m  [1m[34mSELECT  "users".* FROM "users" WHERE "users"."username" = ? LIMIT ?[0m  [["username", "admin_user"], ["LIMIT", 1]]
  [1m[35m (0.1ms)[0m  [1m[36mbegin transaction[0m
  [1m[35m (0.1ms)[0m  [1m[36mcommit transaction[0m
  [1m[36mQuery Load (0.1ms)[0m  [1m[34mSELECT  "queries".* FROM "queries" WHERE "queries"."id" = ? LIMIT ?[0m  [["id", 2], ["LIMIT", 1]]
  [1m[36mTerm Load (0.1ms)[0m  [1m[34mSELECT "terms".* FROM "terms" WHERE "terms"."query_id" = ?[0m  [["query_id", 2]]
Completed 200 OK in 4ms (Views: 0.1ms | ActiveRecord: 0.6ms)


Started POST "/queries/2/categories/1/terms" for ::1 at 2018-07-27 15:16:14 +0200
Processing by TermsController#create as */*
  Parameters: {"category_id"=>"1", "query_id"=>"2", "operator"=>"AND", "term"=>{"operator"=>"AND", "query_id"=>"2", "category_id"=>"1"}}
  [1m[36mUser Load (0.2ms)[0m  [1m[34mSELECT  "users".* FROM "users" WHERE "users"."username" = ? LIMIT ?[0m  [["username", "admin_user"], ["LIMIT", 1]]
  [1m[35m (0.1ms)[0m  [1m[36mbegin transaction[0m
  [1m[35m (0.1ms)[0m  [1m[36mcommit transaction[0m
  [1m[36mQuery Load (0.1ms)[0m  [1m[34mSELECT  "queries".* FROM "queries" WHERE "queries"."id" = ? LIMIT ?[0m  [["id", 2], ["LIMIT", 1]]
  [1m[36mCategory Load (0.1ms)[0m  [1m[34mSELECT  "categories".* FROM "categories" WHERE "categories"."id" = ? LIMIT ?[0m  [["id", 1], ["LIMIT", 1]]
Unpermitted parameter: :term
  [1m[35m (0.0ms)[0m  [1m[36mbegin transaction[0m
  [1m[36mCategory Load (0.1ms)[0m  [1m[34mSELECT  "categories".* FROM "categories" WHERE "categories"."id" = ? LIMIT ?[0m  [["id", 1], ["LIMIT", 1]]
  [1m[35mSQL (0.3ms)[0m  [1m[32mINSERT INTO "terms" ("operator", "query_id", "category_id", "created_at", "updated_at") VALUES (?, ?, ?, ?, ?)[0m  [["operator", "AND"], ["query_id", 2], ["category_id", 1], ["created_at", "2018-07-27 13:16:14.721098"], ["updated_at", "2018-07-27 13:16:14.721098"]]
  [1m[35m (38.2ms)[0m  [1m[36mcommit transaction[0m
Completed 201 Created in 57ms (Views: 1.2ms | ActiveRecord: 39.3ms)


Started GET "/basic_form_query/2" for ::1 at 2018-07-27 15:16:14 +0200
Processing by BasicFormQueryController#show as */*
  Parameters: {"id"=>"2", "basic_form_query"=>{}}
Started GET "/expanded_query_linkedin/2" for ::1 at 2018-07-27 15:16:14 +0200
Processing by ExpandedQueryLinkedinController#show as */*
  [1m[36mUser Load (0.3ms)[0m  [1m[34mSELECT  "users".* FROM "users" WHERE "users"."username" = ? LIMIT ?[0m  [["username", "admin_user"], ["LIMIT", 1]]
  Parameters: {"id"=>"2", "expanded_query_linkedin"=>{}}
  [1m[36mUser Load (0.2ms)[0m  [1m[34mSELECT  "users".* FROM "users" WHERE "users"."username" = ? LIMIT ?[0m  [["username", "admin_user"], ["LIMIT", 1]]
  [1m[35m (0.1ms)[0m  [1m[36mbegin transaction[0m
  [1m[35m (0.1ms)[0m  [1m[36mcommit transaction[0m
  [1m[36mQuery Load (0.2ms)[0m  [1m[34mSELECT  "queries".* FROM "queries" WHERE "queries"."id" = ? LIMIT ?[0m  [["id", 2], ["LIMIT", 1]]
  [1m[35m (0.1ms)[0m  [1m[36mbegin transaction[0m
  [1m[36mTerm Load (0.2ms)[0m  [1m[34mSELECT "terms".* FROM "terms" WHERE "terms"."query_id" = ?[0m  [["query_id", 2]]
  [1m[35m (0.1ms)[0m  [1m[36mcommit transaction[0m
  [1m[36mCategory Load (0.3ms)[0m  [1m[34mSELECT  "categories".* FROM "categories" WHERE "categories"."id" = ? LIMIT ?[0m  [["id", 1], ["LIMIT", 1]]
  [1m[36mQuery Load (0.2ms)[0m  [1m[34mSELECT  "queries".* FROM "queries" WHERE "queries"."id" = ? LIMIT ?[0m  [["id", 2], ["LIMIT", 1]]
  [1m[36mTranslation Load (0.3ms)[0m  [1m[34mSELECT "translations".* FROM "translations" WHERE "translations"."category_id" = ?[0m  [["category_id", 1]]
  [1m[36mTerm Load (0.2ms)[0m  [1m[34mSELECT "terms".* FROM "terms" WHERE "terms"."query_id" = ?[0m  [["query_id", 2]]
  [1m[36mCategory Load (0.2ms)[0m  [1m[34mSELECT  "categories".* FROM "categories" WHERE "categories"."id" = ? LIMIT ?[0m  [["id", 1], ["LIMIT", 1]]
Completed 200 OK in 13ms (Views: 0.1ms | ActiveRecord: 1.3ms)


Completed 200 OK in 20ms (Views: 0.2ms | ActiveRecord: 1.1ms)


Started GET "/translations" for ::1 at 2018-08-09 12:34:41 +0200
Started GET "/queries" for ::1 at 2018-08-09 12:34:41 +0200
Started GET "/terms" for ::1 at 2018-08-09 12:34:41 +0200
Started GET "/categories" for ::1 at 2018-08-09 12:34:41 +0200
Started GET "/languages" for ::1 at 2018-08-09 12:34:41 +0200
  [1m[35m (0.2ms)[0m  [1m[34mSELECT "schema_migrations"."version" FROM "schema_migrations" ORDER BY "schema_migrations"."version" ASC[0m
  [1m[35m (0.1ms)[0m  [1m[34mSELECT "schema_migrations"."version" FROM "schema_migrations" ORDER BY "schema_migrations"."version" ASC[0m
  [1m[35m (0.2ms)[0m  [1m[34mSELECT "schema_migrations"."version" FROM "schema_migrations" ORDER BY "schema_migrations"."version" ASC[0m
  [1m[35m (0.1ms)[0m  [1m[34mSELECT "schema_migrations"."version" FROM "schema_migrations" ORDER BY "schema_migrations"."version" ASC[0m
  [1m[35m (0.2ms)[0m  [1m[34mSELECT "schema_migrations"."version" FROM "schema_migrations" ORDER BY "schema_migrations"."version" ASC[0m
Processing by TranslationsController#index as */*
Processing by CategoriesController#index as */*
Processing by LanguagesController#index as */*
Processing by TermsController#index as */*
  [1m[36mTerm Load (0.3ms)[0m  [1m[34mSELECT "terms".* FROM "terms"[0m
  [1m[36mTranslation Load (0.2ms)[0m  [1m[34mSELECT "translations".* FROM "translations"[0m
  [1m[36mCategory Load (0.2ms)[0m  [1m[34mSELECT "categories".* FROM "categories"[0m
Processing by QueriesController#index as */*
  Parameters: {"query"=>{}}
  [1m[36mLanguage Load (0.2ms)[0m  [1m[34mSELECT "languages".* FROM "languages"[0m
Completed 200 OK in 77ms (Views: 36.8ms | ActiveRecord: 1.3ms)


Completed 200 OK in 79ms (Views: 32.9ms | ActiveRecord: 1.4ms)


Completed 200 OK in 79ms (Views: 36.4ms | ActiveRecord: 1.0ms)


Completed 200 OK in 80ms (Views: 37.9ms | ActiveRecord: 1.0ms)


  [1m[36mUser Load (1.1ms)[0m  [1m[34mSELECT  "users".* FROM "users" WHERE "users"."username" = ? LIMIT ?[0m  [["username", "admin_user"], ["LIMIT", 1]]
  [1m[35m (0.1ms)[0m  [1m[36mbegin transaction[0m
  [1m[35m (0.1ms)[0m  [1m[36mcommit transaction[0m
  [1m[36mQuery Load (0.2ms)[0m  [1m[34mSELECT "queries".* FROM "queries" WHERE "queries"."user_id" = ?[0m  [["user_id", 3]]
Completed 200 OK in 64ms (Views: 16.0ms | ActiveRecord: 3.0ms)


Started GET "/expanded_query_linkedin/2" for ::1 at 2018-08-09 12:34:57 +0200
Started GET "/basic_form_query/2" for ::1 at 2018-08-09 12:34:57 +0200
Processing by ExpandedQueryLinkedinController#show as */*
  Parameters: {"id"=>"2", "expanded_query_linkedin"=>{}}
  [1m[36mUser Load (0.2ms)[0m  [1m[34mSELECT  "users".* FROM "users" WHERE "users"."username" = ? LIMIT ?[0m  [["username", "admin_user"], ["LIMIT", 1]]
  [1m[35m (0.0ms)[0m  [1m[36mbegin transaction[0m
  [1m[35m (0.0ms)[0m  [1m[36mcommit transaction[0m
  [1m[36mQuery Load (0.1ms)[0m  [1m[34mSELECT  "queries".* FROM "queries" WHERE "queries"."id" = ? LIMIT ?[0m  [["id", 2], ["LIMIT", 1]]
  [1m[36mTerm Load (0.1ms)[0m  [1m[34mSELECT "terms".* FROM "terms" WHERE "terms"."query_id" = ?[0m  [["query_id", 2]]
  [1m[36mCategory Load (0.2ms)[0m  [1m[34mSELECT  "categories".* FROM "categories" WHERE "categories"."id" = ? LIMIT ?[0m  [["id", 1], ["LIMIT", 1]]
Processing by BasicFormQueryController#show as */*
  Parameters: {"id"=>"2", "basic_form_query"=>{}}
  [1m[36mUser Load (0.1ms)[0m  [1m[34mSELECT  "users".* FROM "users" WHERE "users"."username" = ? LIMIT ?[0m  [["username", "admin_user"], ["LIMIT", 1]]
  [1m[35m (0.0ms)[0m  [1m[36mbegin transaction[0m
  [1m[36mTranslation Load (0.1ms)[0m  [1m[34mSELECT "translations".* FROM "translations" WHERE "translations"."category_id" = ?[0m  [["category_id", 1]]
  [1m[35m (0.0ms)[0m  [1m[36mcommit transaction[0m
  [1m[36mQuery Load (0.1ms)[0m  [1m[34mSELECT  "queries".* FROM "queries" WHERE "queries"."id" = ? LIMIT ?[0m  [["id", 2], ["LIMIT", 1]]
  [1m[36mTerm Load (0.1ms)[0m  [1m[34mSELECT "terms".* FROM "terms" WHERE "terms"."query_id" = ?[0m  [["query_id", 2]]
  [1m[36mCategory Load (0.1ms)[0m  [1m[34mSELECT  "categories".* FROM "categories" WHERE "categories"."id" = ? LIMIT ?[0m  [["id", 1], ["LIMIT", 1]]
Completed 200 OK in 5ms (Views: 0.1ms | ActiveRecord: 0.6ms)


Completed 200 OK in 14ms (Views: 0.2ms | ActiveRecord: 0.7ms)


Started GET "/basic_form_query/2" for ::1 at 2018-08-09 12:39:52 +0200
Started GET "/expanded_query_linkedin/2" for ::1 at 2018-08-09 12:39:52 +0200
Processing by BasicFormQueryController#show as */*
  Parameters: {"id"=>"2", "basic_form_query"=>{}}
  [1m[36mUser Load (0.3ms)[0m  [1m[34mSELECT  "users".* FROM "users" WHERE "users"."username" = ? LIMIT ?[0m  [["username", "admin_user"], ["LIMIT", 1]]
  [1m[35m (0.1ms)[0m  [1m[36mbegin transaction[0m
  [1m[35m (0.1ms)[0m  [1m[36mcommit transaction[0m
  [1m[36mQuery Load (0.2ms)[0m  [1m[34mSELECT  "queries".* FROM "queries" WHERE "queries"."id" = ? LIMIT ?[0m  [["id", 2], ["LIMIT", 1]]
  [1m[36mTerm Load (0.3ms)[0m  [1m[34mSELECT "terms".* FROM "terms" WHERE "terms"."query_id" = ?[0m  [["query_id", 2]]
  [1m[36mCategory Load (0.2ms)[0m  [1m[34mSELECT  "categories".* FROM "categories" WHERE "categories"."id" = ? LIMIT ?[0m  [["id", 1], ["LIMIT", 1]]
Processing by ExpandedQueryLinkedinController#show as */*
Completed 200 OK in 8ms (Views: 0.2ms | ActiveRecord: 1.1ms)


  Parameters: {"id"=>"2", "expanded_query_linkedin"=>{}}
  [1m[36mUser Load (0.2ms)[0m  [1m[34mSELECT  "users".* FROM "users" WHERE "users"."username" = ? LIMIT ?[0m  [["username", "admin_user"], ["LIMIT", 1]]
  [1m[35m (0.1ms)[0m  [1m[36mbegin transaction[0m
  [1m[35m (0.0ms)[0m  [1m[36mcommit transaction[0m
  [1m[36mQuery Load (0.2ms)[0m  [1m[34mSELECT  "queries".* FROM "queries" WHERE "queries"."id" = ? LIMIT ?[0m  [["id", 2], ["LIMIT", 1]]
  [1m[36mTerm Load (0.2ms)[0m  [1m[34mSELECT "terms".* FROM "terms" WHERE "terms"."query_id" = ?[0m  [["query_id", 2]]
  [1m[36mCategory Load (0.1ms)[0m  [1m[34mSELECT  "categories".* FROM "categories" WHERE "categories"."id" = ? LIMIT ?[0m  [["id", 1], ["LIMIT", 1]]
  [1m[36mTranslation Load (0.1ms)[0m  [1m[34mSELECT "translations".* FROM "translations" WHERE "translations"."category_id" = ?[0m  [["category_id", 1]]
Completed 200 OK in 6ms (Views: 0.2ms | ActiveRecord: 1.0ms)


Started GET "/languages" for ::1 at 2018-08-09 12:56:53 +0200
Started GET "/translations" for ::1 at 2018-08-09 12:56:53 +0200
Started GET "/categories" for ::1 at 2018-08-09 12:56:53 +0200
Processing by LanguagesController#index as */*
Processing by TranslationsController#index as */*
  [1m[36mTranslation Load (0.3ms)[0m  [1m[34mSELECT "translations".* FROM "translations"[0m
Processing by CategoriesController#index as */*
Started GET "/terms" for ::1 at 2018-08-09 12:56:53 +0200
  [1m[36mLanguage Load (0.2ms)[0m  [1m[34mSELECT "languages".* FROM "languages"[0m
Completed 200 OK in 9ms (Views: 8.1ms | ActiveRecord: 0.3ms)


  [1m[36mCategory Load (0.4ms)[0m  [1m[34mSELECT "categories".* FROM "categories"[0m
Processing by TermsController#index as */*
Completed 200 OK in 28ms (Views: 27.0ms | ActiveRecord: 0.2ms)


Completed 200 OK in 15ms (Views: 13.6ms | ActiveRecord: 0.4ms)


  [1m[36mTerm Load (0.3ms)[0m  [1m[34mSELECT "terms".* FROM "terms"[0m
Completed 200 OK in 8ms (Views: 7.4ms | ActiveRecord: 0.3ms)


Started GET "/queries" for ::1 at 2018-08-09 12:56:53 +0200
Processing by QueriesController#index as */*
  Parameters: {"query"=>{}}
  [1m[36mUser Load (0.2ms)[0m  [1m[34mSELECT  "users".* FROM "users" WHERE "users"."username" = ? LIMIT ?[0m  [["username", "admin_user"], ["LIMIT", 1]]
  [1m[35m (0.1ms)[0m  [1m[36mbegin transaction[0m
  [1m[35m (0.1ms)[0m  [1m[36mcommit transaction[0m
  [1m[36mQuery Load (0.2ms)[0m  [1m[34mSELECT "queries".* FROM "queries" WHERE "queries"."user_id" = ?[0m  [["user_id", 3]]
Completed 200 OK in 5ms (Views: 2.0ms | ActiveRecord: 0.5ms)


Started GET "/basic_form_query/2" for ::1 at 2018-08-09 12:56:55 +0200
Started GET "/expanded_query_linkedin/2" for ::1 at 2018-08-09 12:56:55 +0200
Processing by BasicFormQueryController#show as */*
Processing by ExpandedQueryLinkedinController#show as */*
  Parameters: {"id"=>"2", "basic_form_query"=>{}}
  Parameters: {"id"=>"2", "expanded_query_linkedin"=>{}}
  [1m[36mUser Load (0.1ms)[0m  [1m[34mSELECT  "users".* FROM "users" WHERE "users"."username" = ? LIMIT ?[0m  [["username", "admin_user"], ["LIMIT", 1]]
  [1m[36mUser Load (0.1ms)[0m  [1m[34mSELECT  "users".* FROM "users" WHERE "users"."username" = ? LIMIT ?[0m  [["username", "admin_user"], ["LIMIT", 1]]
  [1m[35m (0.0ms)[0m  [1m[36mbegin transaction[0m
  [1m[35m (0.1ms)[0m  [1m[36mbegin transaction[0m
  [1m[35m (0.0ms)[0m  [1m[36mcommit transaction[0m
  [1m[36mQuery Load (0.1ms)[0m  [1m[34mSELECT  "queries".* FROM "queries" WHERE "queries"."id" = ? LIMIT ?[0m  [["id", 2], ["LIMIT", 1]]
  [1m[35m (0.1ms)[0m  [1m[36mcommit transaction[0m
  [1m[36mQuery Load (0.1ms)[0m  [1m[34mSELECT  "queries".* FROM "queries" WHERE "queries"."id" = ? LIMIT ?[0m  [["id", 2], ["LIMIT", 1]]
  [1m[36mTerm Load (0.5ms)[0m  [1m[34mSELECT "terms".* FROM "terms" WHERE "terms"."query_id" = ?[0m  [["query_id", 2]]
  [1m[36mCategory Load (0.1ms)[0m  [1m[34mSELECT  "categories".* FROM "categories" WHERE "categories"."id" = ? LIMIT ?[0m  [["id", 1], ["LIMIT", 1]]
  [1m[36mTerm Load (0.1ms)[0m  [1m[34mSELECT "terms".* FROM "terms" WHERE "terms"."query_id" = ?[0m  [["query_id", 2]]
  [1m[36mTranslation Load (0.1ms)[0m  [1m[34mSELECT "translations".* FROM "translations" WHERE "translations"."category_id" = ?[0m  [["category_id", 1]]
Completed 200 OK in 11ms (Views: 0.1ms | ActiveRecord: 1.1ms)


  [1m[36mCategory Load (0.1ms)[0m  [1m[34mSELECT  "categories".* FROM "categories" WHERE "categories"."id" = ? LIMIT ?[0m  [["id", 1], ["LIMIT", 1]]
Completed 200 OK in 13ms (Views: 0.9ms | ActiveRecord: 0.5ms)


Started GET "/translations" for ::1 at 2018-08-09 13:04:04 +0200
Started GET "/categories" for ::1 at 2018-08-09 13:04:04 +0200
Started GET "/terms" for ::1 at 2018-08-09 13:04:04 +0200
Processing by TermsController#index as */*
Processing by CategoriesController#index as */*
Started GET "/queries" for ::1 at 2018-08-09 13:04:04 +0200
  [1m[36mTerm Load (0.2ms)[0m  [1m[34mSELECT "terms".* FROM "terms"[0m
  [1m[36mCategory Load (0.3ms)[0m  [1m[34mSELECT "categories".* FROM "categories"[0m
Processing by TranslationsController#index as */*
Completed 200 OK in 29ms (Views: 28.0ms | ActiveRecord: 0.3ms)


Processing by QueriesController#index as */*
  Parameters: {"query"=>{}}
  [1m[36mUser Load (0.3ms)[0m  [1m[34mSELECT  "users".* FROM "users" WHERE "users"."username" = ? LIMIT ?[0m  [["username", "admin_user"], ["LIMIT", 1]]
  [1m[35m (0.1ms)[0m  [1m[36mbegin transaction[0m
Started GET "/languages" for ::1 at 2018-08-09 13:04:04 +0200
  [1m[35m (0.2ms)[0m  [1m[36mcommit transaction[0m
Completed 200 OK in 29ms (Views: 28.0ms | ActiveRecord: 0.2ms)


  [1m[36mTranslation Load (0.3ms)[0m  [1m[34mSELECT "translations".* FROM "translations"[0m
Completed 200 OK in 12ms (Views: 11.0ms | ActiveRecord: 0.3ms)


Processing by LanguagesController#index as */*
  [1m[36mLanguage Load (0.3ms)[0m  [1m[34mSELECT "languages".* FROM "languages"[0m
Completed 200 OK in 2ms (Views: 1.6ms | ActiveRecord: 0.3ms)


  [1m[36mQuery Load (0.2ms)[0m  [1m[34mSELECT "queries".* FROM "queries" WHERE "queries"."user_id" = ?[0m  [["user_id", 3]]
Completed 200 OK in 25ms (Views: 18.6ms | ActiveRecord: 0.7ms)


Started POST "/languages" for ::1 at 2018-08-09 13:04:47 +0200
Processing by LanguagesController#create as */*
  Parameters: {"name"=>"Slovak", "language"=>{"name"=>"Slovak"}}
  [1m[36mUser Load (0.2ms)[0m  [1m[34mSELECT  "users".* FROM "users" WHERE "users"."username" = ? LIMIT ?[0m  [["username", "admin_user"], ["LIMIT", 1]]
  [1m[35m (0.1ms)[0m  [1m[36mbegin transaction[0m
  [1m[35m (0.1ms)[0m  [1m[36mcommit transaction[0m
Unpermitted parameter: :language
  [1m[35m (0.1ms)[0m  [1m[36mbegin transaction[0m
  [1m[36mLanguage Exists (0.4ms)[0m  [1m[34mSELECT  1 AS one FROM "languages" WHERE LOWER("languages"."name") = LOWER(?) LIMIT ?[0m  [["name", "Slovak"], ["LIMIT", 1]]
  [1m[35mSQL (1.2ms)[0m  [1m[32mINSERT INTO "languages" ("name", "created_at", "updated_at") VALUES (?, ?, ?)[0m  [["name", "Slovak"], ["created_at", "2018-08-09 11:04:47.301008"], ["updated_at", "2018-08-09 11:04:47.301008"]]
  [1m[35m (12.7ms)[0m  [1m[36mcommit transaction[0m
Completed 201 Created in 54ms (Views: 0.4ms | ActiveRecord: 14.7ms)


Started GET "/basic_form_query/2" for ::1 at 2018-08-09 13:05:55 +0200
Started GET "/expanded_query_linkedin/2" for ::1 at 2018-08-09 13:05:55 +0200
Processing by BasicFormQueryController#show as */*
  Parameters: {"id"=>"2", "basic_form_query"=>{}}
  [1m[36mUser Load (0.2ms)[0m  [1m[34mSELECT  "users".* FROM "users" WHERE "users"."username" = ? LIMIT ?[0m  [["username", "admin_user"], ["LIMIT", 1]]
  [1m[35m (0.1ms)[0m  [1m[36mbegin transaction[0m
Processing by ExpandedQueryLinkedinController#show as */*
  [1m[35m (0.1ms)[0m  [1m[36mcommit transaction[0m
  Parameters: {"id"=>"2", "expanded_query_linkedin"=>{}}
  [1m[36mQuery Load (0.1ms)[0m  [1m[34mSELECT  "queries".* FROM "queries" WHERE "queries"."id" = ? LIMIT ?[0m  [["id", 2], ["LIMIT", 1]]
  [1m[36mUser Load (0.1ms)[0m  [1m[34mSELECT  "users".* FROM "users" WHERE "users"."username" = ? LIMIT ?[0m  [["username", "admin_user"], ["LIMIT", 1]]
  [1m[35m (0.1ms)[0m  [1m[36mbegin transaction[0m
  [1m[36mTerm Load (0.1ms)[0m  [1m[34mSELECT "terms".* FROM "terms" WHERE "terms"."query_id" = ?[0m  [["query_id", 2]]
  [1m[36mCategory Load (0.1ms)[0m  [1m[34mSELECT  "categories".* FROM "categories" WHERE "categories"."id" = ? LIMIT ?[0m  [["id", 1], ["LIMIT", 1]]
  [1m[35m (0.1ms)[0m  [1m[36mcommit transaction[0m
Completed 200 OK in 8ms (Views: 0.1ms | ActiveRecord: 0.7ms)


  [1m[36mQuery Load (0.2ms)[0m  [1m[34mSELECT  "queries".* FROM "queries" WHERE "queries"."id" = ? LIMIT ?[0m  [["id", 2], ["LIMIT", 1]]
  [1m[36mTerm Load (0.1ms)[0m  [1m[34mSELECT "terms".* FROM "terms" WHERE "terms"."query_id" = ?[0m  [["query_id", 2]]
  [1m[36mCategory Load (0.1ms)[0m  [1m[34mSELECT  "categories".* FROM "categories" WHERE "categories"."id" = ? LIMIT ?[0m  [["id", 1], ["LIMIT", 1]]
  [1m[36mTranslation Load (0.1ms)[0m  [1m[34mSELECT "translations".* FROM "translations" WHERE "translations"."category_id" = ?[0m  [["category_id", 1]]
Completed 200 OK in 11ms (Views: 0.1ms | ActiveRecord: 0.8ms)


Started POST "/categories" for ::1 at 2018-08-09 13:06:23 +0200
Processing by CategoriesController#create as */*
  Parameters: {"name"=>"java", "category_query"=>"java AND programmer", "category"=>{"name"=>"java", "category_query"=>"java AND programmer"}}
  [1m[36mUser Load (0.2ms)[0m  [1m[34mSELECT  "users".* FROM "users" WHERE "users"."username" = ? LIMIT ?[0m  [["username", "admin_user"], ["LIMIT", 1]]
  [1m[35m (0.1ms)[0m  [1m[36mbegin transaction[0m
  [1m[35m (0.0ms)[0m  [1m[36mcommit transaction[0m
Unpermitted parameter: :category
  [1m[35m (0.1ms)[0m  [1m[36mbegin transaction[0m
  [1m[36mCategory Exists (0.2ms)[0m  [1m[34mSELECT  1 AS one FROM "categories" WHERE LOWER("categories"."name") = LOWER(?) LIMIT ?[0m  [["name", "java"], ["LIMIT", 1]]
  [1m[35mSQL (0.5ms)[0m  [1m[32mINSERT INTO "categories" ("name", "category_query", "created_at", "updated_at") VALUES (?, ?, ?, ?)[0m  [["name", "java"], ["category_query", "java AND programmer"], ["created_at", "2018-08-09 11:06:23.912766"], ["updated_at", "2018-08-09 11:06:23.912766"]]
  [1m[35m (37.0ms)[0m  [1m[36mcommit transaction[0m
Completed 201 Created in 47ms (Views: 0.7ms | ActiveRecord: 38.0ms)


Started GET "/basic_form_query/2" for ::1 at 2018-08-09 13:06:28 +0200
Started GET "/expanded_query_linkedin/2" for ::1 at 2018-08-09 13:06:28 +0200
Processing by BasicFormQueryController#show as */*
  Parameters: {"id"=>"2", "basic_form_query"=>{}}
  [1m[36mUser Load (0.3ms)[0m  [1m[34mSELECT  "users".* FROM "users" WHERE "users"."username" = ? LIMIT ?[0m  [["username", "admin_user"], ["LIMIT", 1]]
  [1m[35m (0.1ms)[0m  [1m[36mbegin transaction[0m
Processing by ExpandedQueryLinkedinController#show as */*
  [1m[35m (0.1ms)[0m  [1m[36mcommit transaction[0m
  Parameters: {"id"=>"2", "expanded_query_linkedin"=>{}}
  [1m[36mQuery Load (0.2ms)[0m  [1m[34mSELECT  "queries".* FROM "queries" WHERE "queries"."id" = ? LIMIT ?[0m  [["id", 2], ["LIMIT", 1]]
  [1m[36mTerm Load (0.1ms)[0m  [1m[34mSELECT "terms".* FROM "terms" WHERE "terms"."query_id" = ?[0m  [["query_id", 2]]
  [1m[36mUser Load (0.2ms)[0m  [1m[34mSELECT  "users".* FROM "users" WHERE "users"."username" = ? LIMIT ?[0m  [["username", "admin_user"], ["LIMIT", 1]]
  [1m[36mCategory Load (0.2ms)[0m  [1m[34mSELECT  "categories".* FROM "categories" WHERE "categories"."id" = ? LIMIT ?[0m  [["id", 1], ["LIMIT", 1]]
  [1m[35m (0.1ms)[0m  [1m[36mbegin transaction[0m
Completed 200 OK in 9ms (Views: 0.2ms | ActiveRecord: 0.9ms)


  [1m[35m (0.1ms)[0m  [1m[36mcommit transaction[0m
  [1m[36mQuery Load (0.1ms)[0m  [1m[34mSELECT  "queries".* FROM "queries" WHERE "queries"."id" = ? LIMIT ?[0m  [["id", 2], ["LIMIT", 1]]
  [1m[36mTerm Load (0.1ms)[0m  [1m[34mSELECT "terms".* FROM "terms" WHERE "terms"."query_id" = ?[0m  [["query_id", 2]]
  [1m[36mCategory Load (0.1ms)[0m  [1m[34mSELECT  "categories".* FROM "categories" WHERE "categories"."id" = ? LIMIT ?[0m  [["id", 1], ["LIMIT", 1]]
  [1m[36mTranslation Load (0.1ms)[0m  [1m[34mSELECT "translations".* FROM "translations" WHERE "translations"."category_id" = ?[0m  [["category_id", 1]]
Completed 200 OK in 11ms (Views: 0.1ms | ActiveRecord: 0.8ms)


Started POST "/queries/2/categories/2/terms" for ::1 at 2018-08-09 13:06:32 +0200
Processing by TermsController#create as */*
  Parameters: {"category_id"=>"2", "query_id"=>"2", "operator"=>"NOT", "term"=>{"operator"=>"NOT", "query_id"=>"2", "category_id"=>"2"}}
  [1m[36mUser Load (0.6ms)[0m  [1m[34mSELECT  "users".* FROM "users" WHERE "users"."username" = ? LIMIT ?[0m  [["username", "admin_user"], ["LIMIT", 1]]
  [1m[35m (0.1ms)[0m  [1m[36mbegin transaction[0m
  [1m[35m (0.2ms)[0m  [1m[36mcommit transaction[0m
  [1m[36mQuery Load (0.3ms)[0m  [1m[34mSELECT  "queries".* FROM "queries" WHERE "queries"."id" = ? LIMIT ?[0m  [["id", 2], ["LIMIT", 1]]
  [1m[36mCategory Load (0.3ms)[0m  [1m[34mSELECT  "categories".* FROM "categories" WHERE "categories"."id" = ? LIMIT ?[0m  [["id", 2], ["LIMIT", 1]]
Unpermitted parameter: :term
  [1m[35m (0.1ms)[0m  [1m[36mbegin transaction[0m
  [1m[36mCategory Load (0.2ms)[0m  [1m[34mSELECT  "categories".* FROM "categories" WHERE "categories"."id" = ? LIMIT ?[0m  [["id", 2], ["LIMIT", 1]]
  [1m[35mSQL (0.6ms)[0m  [1m[32mINSERT INTO "terms" ("operator", "query_id", "category_id", "created_at", "updated_at") VALUES (?, ?, ?, ?, ?)[0m  [["operator", "NOT"], ["query_id", 2], ["category_id", 2], ["created_at", "2018-08-09 11:06:32.198711"], ["updated_at", "2018-08-09 11:06:32.198711"]]
  [1m[35m (12.4ms)[0m  [1m[36mcommit transaction[0m
Completed 201 Created in 32ms (Views: 0.3ms | ActiveRecord: 14.6ms)


Started GET "/basic_form_query/2" for ::1 at 2018-08-09 13:06:32 +0200
Started GET "/expanded_query_linkedin/2" for ::1 at 2018-08-09 13:06:32 +0200
Processing by BasicFormQueryController#show as */*
  Parameters: {"id"=>"2", "basic_form_query"=>{}}
  [1m[36mUser Load (0.1ms)[0m  [1m[34mSELECT  "users".* FROM "users" WHERE "users"."username" = ? LIMIT ?[0m  [["username", "admin_user"], ["LIMIT", 1]]
Processing by ExpandedQueryLinkedinController#show as */*
  [1m[35m (0.0ms)[0m  [1m[36mbegin transaction[0m
  Parameters: {"id"=>"2", "expanded_query_linkedin"=>{}}
  [1m[35m (0.0ms)[0m  [1m[36mcommit transaction[0m
  [1m[36mUser Load (0.1ms)[0m  [1m[34mSELECT  "users".* FROM "users" WHERE "users"."username" = ? LIMIT ?[0m  [["username", "admin_user"], ["LIMIT", 1]]
  [1m[36mQuery Load (0.1ms)[0m  [1m[34mSELECT  "queries".* FROM "queries" WHERE "queries"."id" = ? LIMIT ?[0m  [["id", 2], ["LIMIT", 1]]
  [1m[35m (0.0ms)[0m  [1m[36mbegin transaction[0m
  [1m[36mTerm Load (0.1ms)[0m  [1m[34mSELECT "terms".* FROM "terms" WHERE "terms"."query_id" = ?[0m  [["query_id", 2]]
  [1m[36mCategory Load (0.1ms)[0m  [1m[34mSELECT  "categories".* FROM "categories" WHERE "categories"."id" = ? LIMIT ?[0m  [["id", 1], ["LIMIT", 1]]
  [1m[36mCategory Load (0.1ms)[0m  [1m[34mSELECT  "categories".* FROM "categories" WHERE "categories"."id" = ? LIMIT ?[0m  [["id", 2], ["LIMIT", 1]]
Completed 200 OK in 7ms (Views: 0.2ms | ActiveRecord: 0.6ms)


  [1m[35m (0.0ms)[0m  [1m[36mcommit transaction[0m
  [1m[36mQuery Load (0.2ms)[0m  [1m[34mSELECT  "queries".* FROM "queries" WHERE "queries"."id" = ? LIMIT ?[0m  [["id", 2], ["LIMIT", 1]]
  [1m[36mTerm Load (0.2ms)[0m  [1m[34mSELECT "terms".* FROM "terms" WHERE "terms"."query_id" = ?[0m  [["query_id", 2]]
  [1m[36mCategory Load (0.2ms)[0m  [1m[34mSELECT  "categories".* FROM "categories" WHERE "categories"."id" = ? LIMIT ?[0m  [["id", 1], ["LIMIT", 1]]
  [1m[36mTranslation Load (0.3ms)[0m  [1m[34mSELECT "translations".* FROM "translations" WHERE "translations"."category_id" = ?[0m  [["category_id", 1]]
  [1m[36mCategory Load (0.1ms)[0m  [1m[34mSELECT  "categories".* FROM "categories" WHERE "categories"."id" = ? LIMIT ?[0m  [["id", 2], ["LIMIT", 1]]
  [1m[36mTranslation Load (0.1ms)[0m  [1m[34mSELECT "translations".* FROM "translations" WHERE "translations"."category_id" = ?[0m  [["category_id", 2]]
Completed 200 OK in 16ms (Views: 0.3ms | ActiveRecord: 1.3ms)


Started POST "/categories/2/languages/1/translations" for ::1 at 2018-08-09 13:08:35 +0200
Processing by TranslationsController#create as */*
  Parameters: {"category_id"=>"2", "language_id"=>"1", "translated_query"=>"test", "translation"=>{"language_id"=>"1", "category_id"=>"2", "translated_query"=>"test"}}
  [1m[36mUser Load (0.2ms)[0m  [1m[34mSELECT  "users".* FROM "users" WHERE "users"."username" = ? LIMIT ?[0m  [["username", "admin_user"], ["LIMIT", 1]]
  [1m[35m (0.1ms)[0m  [1m[36mbegin transaction[0m
  [1m[35m (0.1ms)[0m  [1m[36mcommit transaction[0m
  [1m[36mCategory Load (0.2ms)[0m  [1m[34mSELECT  "categories".* FROM "categories" WHERE "categories"."id" = ? LIMIT ?[0m  [["id", 2], ["LIMIT", 1]]
  [1m[36mLanguage Load (0.3ms)[0m  [1m[34mSELECT  "languages".* FROM "languages" WHERE "languages"."id" = ? LIMIT ?[0m  [["id", 1], ["LIMIT", 1]]
Unpermitted parameter: :translation
  [1m[35m (0.1ms)[0m  [1m[36mbegin transaction[0m
  [1m[36mLanguage Load (0.1ms)[0m  [1m[34mSELECT  "languages".* FROM "languages" WHERE "languages"."id" = ? LIMIT ?[0m  [["id", 1], ["LIMIT", 1]]
  [1m[35mSQL (0.7ms)[0m  [1m[32mINSERT INTO "translations" ("language_id", "category_id", "translated_query", "created_at", "updated_at") VALUES (?, ?, ?, ?, ?)[0m  [["language_id", 1], ["category_id", 2], ["translated_query", "test"], ["created_at", "2018-08-09 11:08:35.331589"], ["updated_at", "2018-08-09 11:08:35.331589"]]
  [1m[35m (12.7ms)[0m  [1m[36mcommit transaction[0m
Completed 201 Created in 24ms (Views: 0.3ms | ActiveRecord: 14.4ms)


Started DELETE "/translations/2" for ::1 at 2018-08-09 13:08:37 +0200
Processing by TranslationsController#destroy as */*
  Parameters: {"id"=>"2", "translation"=>{}}
  [1m[36mUser Load (0.4ms)[0m  [1m[34mSELECT  "users".* FROM "users" WHERE "users"."username" = ? LIMIT ?[0m  [["username", "admin_user"], ["LIMIT", 1]]
  [1m[35m (0.1ms)[0m  [1m[36mbegin transaction[0m
  [1m[35m (0.1ms)[0m  [1m[36mcommit transaction[0m
  [1m[36mTranslation Load (0.4ms)[0m  [1m[34mSELECT  "translations".* FROM "translations" WHERE "translations"."id" = ? LIMIT ?[0m  [["id", 2], ["LIMIT", 1]]
  [1m[35m (0.1ms)[0m  [1m[36mbegin transaction[0m
  [1m[35mSQL (0.9ms)[0m  [1m[31mDELETE FROM "translations" WHERE "translations"."id" = ?[0m  [["id", 2]]
  [1m[35m (38.5ms)[0m  [1m[36mcommit transaction[0m
Completed 204 No Content in 51ms (ActiveRecord: 40.5ms)


